ERROR - 2023-11-15 09:45:24 --> mysqli_sql_exception: You have an error in your SQL syntax; check the manual that corresponds to your MariaDB server version for the right syntax to use near 'AND ind_niveau='3'
        WHERE sce_code='E3F8D6A7B0C4951'
        AND eta_n...' at line 5 in /home/2023DIFAL3/e22103110/public_html/V1/ci/system/Database/MySQLi/Connection.php:306
Stack trace:
#0 /home/2023DIFAL3/e22103110/public_html/V1/ci/system/Database/MySQLi/Connection.php(306): mysqli->query()
#1 /home/2023DIFAL3/e22103110/public_html/V1/ci/system/Database/BaseConnection.php(693): CodeIgniter\Database\MySQLi\Connection->execute()
#2 /home/2023DIFAL3/e22103110/public_html/V1/ci/system/Database/BaseConnection.php(607): CodeIgniter\Database\BaseConnection->simpleQuery()
#3 /home/2023DIFAL3/e22103110/public_html/V1/ci/app/Models/Db_model.php(69): CodeIgniter\Database\BaseConnection->query()
#4 /home/2023DIFAL3/e22103110/public_html/V1/ci/app/Controllers/Scenario.php(28): App\Models\Db_model->get_etape_1()
#5 /home/2023DIFAL3/e22103110/public_html/V1/ci/system/CodeIgniter.php(942): App\Controllers\Scenario->afficher_etape_1()
#6 /home/2023DIFAL3/e22103110/public_html/V1/ci/system/CodeIgniter.php(502): CodeIgniter\CodeIgniter->runController()
#7 /home/2023DIFAL3/e22103110/public_html/V1/ci/system/CodeIgniter.php(361): CodeIgniter\CodeIgniter->handleRequest()
#8 /home/2023DIFAL3/e22103110/public_html/V1/ci/public/index.php(79): CodeIgniter\CodeIgniter->run()
#9 {main}
CRITICAL - 2023-11-15 09:45:24 --> chmod() has been disabled for security reasons
in SYSTEMPATH/Log/Handlers/FileHandler.php on line 119.
 1 [internal function]: CodeIgniter\Debug\Exceptions->errorHandler()
 2 SYSTEMPATH/Log/Handlers/FileHandler.php(119): chmod()
 3 SYSTEMPATH/Log/Logger.php(294): CodeIgniter\Log\Handlers\FileHandler->handle()
 4 SYSTEMPATH/Common.php(810): CodeIgniter\Log\Logger->log()
 5 SYSTEMPATH/Database/MySQLi/Connection.php(308): log_message()
 6 SYSTEMPATH/Database/BaseConnection.php(693): CodeIgniter\Database\MySQLi\Connection->execute()
 7 SYSTEMPATH/Database/BaseConnection.php(607): CodeIgniter\Database\BaseConnection->simpleQuery()
 8 APPPATH/Models/Db_model.php(69): CodeIgniter\Database\BaseConnection->query()
 9 APPPATH/Controllers/Scenario.php(28): App\Models\Db_model->get_etape_1()
10 SYSTEMPATH/CodeIgniter.php(942): App\Controllers\Scenario->afficher_etape_1()
11 SYSTEMPATH/CodeIgniter.php(502): CodeIgniter\CodeIgniter->runController()
12 SYSTEMPATH/CodeIgniter.php(361): CodeIgniter\CodeIgniter->handleRequest()
13 FCPATH/index.php(79): CodeIgniter\CodeIgniter->run()
ERROR - 2023-11-15 09:46:11 --> mysqli_sql_exception: You have an error in your SQL syntax; check the manual that corresponds to your MariaDB server version for the right syntax to use near 'AND ind_niveau='1'
        WHERE sce_code='C4E2A1B2D6F7839'
        AND eta_n...' at line 5 in /home/2023DIFAL3/e22103110/public_html/V1/ci/system/Database/MySQLi/Connection.php:306
Stack trace:
#0 /home/2023DIFAL3/e22103110/public_html/V1/ci/system/Database/MySQLi/Connection.php(306): mysqli->query()
#1 /home/2023DIFAL3/e22103110/public_html/V1/ci/system/Database/BaseConnection.php(693): CodeIgniter\Database\MySQLi\Connection->execute()
#2 /home/2023DIFAL3/e22103110/public_html/V1/ci/system/Database/BaseConnection.php(607): CodeIgniter\Database\BaseConnection->simpleQuery()
#3 /home/2023DIFAL3/e22103110/public_html/V1/ci/app/Models/Db_model.php(67): CodeIgniter\Database\BaseConnection->query()
#4 /home/2023DIFAL3/e22103110/public_html/V1/ci/app/Controllers/Scenario.php(28): App\Models\Db_model->get_etape_1()
#5 /home/2023DIFAL3/e22103110/public_html/V1/ci/system/CodeIgniter.php(942): App\Controllers\Scenario->afficher_etape_1()
#6 /home/2023DIFAL3/e22103110/public_html/V1/ci/system/CodeIgniter.php(502): CodeIgniter\CodeIgniter->runController()
#7 /home/2023DIFAL3/e22103110/public_html/V1/ci/system/CodeIgniter.php(361): CodeIgniter\CodeIgniter->handleRequest()
#8 /home/2023DIFAL3/e22103110/public_html/V1/ci/public/index.php(79): CodeIgniter\CodeIgniter->run()
#9 {main}
CRITICAL - 2023-11-15 09:46:11 --> You have an error in your SQL syntax; check the manual that corresponds to your MariaDB server version for the right syntax to use near 'AND ind_niveau='1'
        WHERE sce_code='C4E2A1B2D6F7839'
        AND eta_n...' at line 5
in SYSTEMPATH/Database/BaseConnection.php on line 647.
 1 APPPATH/Models/Db_model.php(67): CodeIgniter\Database\BaseConnection->query()
 2 APPPATH/Controllers/Scenario.php(28): App\Models\Db_model->get_etape_1()
 3 SYSTEMPATH/CodeIgniter.php(942): App\Controllers\Scenario->afficher_etape_1()
 4 SYSTEMPATH/CodeIgniter.php(502): CodeIgniter\CodeIgniter->runController()
 5 SYSTEMPATH/CodeIgniter.php(361): CodeIgniter\CodeIgniter->handleRequest()
 6 FCPATH/index.php(79): CodeIgniter\CodeIgniter->run()
ERROR - 2023-11-15 09:51:37 --> mysqli_sql_exception: You have an error in your SQL syntax; check the manual that corresponds to your MariaDB server version for the right syntax to use near 'ON (ind_niveau='1')
        WHERE sce_code='F5A8941AF468710'
        AND eta_...' at line 5 in /home/2023DIFAL3/e22103110/public_html/V1/ci/system/Database/MySQLi/Connection.php:306
Stack trace:
#0 /home/2023DIFAL3/e22103110/public_html/V1/ci/system/Database/MySQLi/Connection.php(306): mysqli->query()
#1 /home/2023DIFAL3/e22103110/public_html/V1/ci/system/Database/BaseConnection.php(693): CodeIgniter\Database\MySQLi\Connection->execute()
#2 /home/2023DIFAL3/e22103110/public_html/V1/ci/system/Database/BaseConnection.php(607): CodeIgniter\Database\BaseConnection->simpleQuery()
#3 /home/2023DIFAL3/e22103110/public_html/V1/ci/app/Models/Db_model.php(67): CodeIgniter\Database\BaseConnection->query()
#4 /home/2023DIFAL3/e22103110/public_html/V1/ci/app/Controllers/Scenario.php(28): App\Models\Db_model->get_etape_1()
#5 /home/2023DIFAL3/e22103110/public_html/V1/ci/system/CodeIgniter.php(942): App\Controllers\Scenario->afficher_etape_1()
#6 /home/2023DIFAL3/e22103110/public_html/V1/ci/system/CodeIgniter.php(502): CodeIgniter\CodeIgniter->runController()
#7 /home/2023DIFAL3/e22103110/public_html/V1/ci/system/CodeIgniter.php(361): CodeIgniter\CodeIgniter->handleRequest()
#8 /home/2023DIFAL3/e22103110/public_html/V1/ci/public/index.php(79): CodeIgniter\CodeIgniter->run()
#9 {main}
CRITICAL - 2023-11-15 09:51:37 --> You have an error in your SQL syntax; check the manual that corresponds to your MariaDB server version for the right syntax to use near 'ON (ind_niveau='1')
        WHERE sce_code='F5A8941AF468710'
        AND eta_...' at line 5
in SYSTEMPATH/Database/BaseConnection.php on line 647.
 1 APPPATH/Models/Db_model.php(67): CodeIgniter\Database\BaseConnection->query()
 2 APPPATH/Controllers/Scenario.php(28): App\Models\Db_model->get_etape_1()
 3 SYSTEMPATH/CodeIgniter.php(942): App\Controllers\Scenario->afficher_etape_1()
 4 SYSTEMPATH/CodeIgniter.php(502): CodeIgniter\CodeIgniter->runController()
 5 SYSTEMPATH/CodeIgniter.php(361): CodeIgniter\CodeIgniter->handleRequest()
 6 FCPATH/index.php(79): CodeIgniter\CodeIgniter->run()
ERROR - 2023-11-15 10:08:28 --> mysqli_sql_exception: You have an error in your SQL syntax; check the manual that corresponds to your MariaDB server version for the right syntax to use near 'FROM t_etape_eta
        LEFT JOIN t_scenario_sce USING(sce_id)
        LEFT ...' at line 1 in /home/2023DIFAL3/e22103110/public_html/V1/ci/system/Database/MySQLi/Connection.php:306
Stack trace:
#0 /home/2023DIFAL3/e22103110/public_html/V1/ci/system/Database/MySQLi/Connection.php(306): mysqli->query()
#1 /home/2023DIFAL3/e22103110/public_html/V1/ci/system/Database/BaseConnection.php(693): CodeIgniter\Database\MySQLi\Connection->execute()
#2 /home/2023DIFAL3/e22103110/public_html/V1/ci/system/Database/BaseConnection.php(607): CodeIgniter\Database\BaseConnection->simpleQuery()
#3 /home/2023DIFAL3/e22103110/public_html/V1/ci/app/Models/Db_model.php(66): CodeIgniter\Database\BaseConnection->query()
#4 /home/2023DIFAL3/e22103110/public_html/V1/ci/app/Controllers/Scenario.php(28): App\Models\Db_model->get_etape_1()
#5 /home/2023DIFAL3/e22103110/public_html/V1/ci/system/CodeIgniter.php(942): App\Controllers\Scenario->afficher_etape_1()
#6 /home/2023DIFAL3/e22103110/public_html/V1/ci/system/CodeIgniter.php(502): CodeIgniter\CodeIgniter->runController()
#7 /home/2023DIFAL3/e22103110/public_html/V1/ci/system/CodeIgniter.php(361): CodeIgniter\CodeIgniter->handleRequest()
#8 /home/2023DIFAL3/e22103110/public_html/V1/ci/public/index.php(79): CodeIgniter\CodeIgniter->run()
#9 {main}
CRITICAL - 2023-11-15 10:08:28 --> You have an error in your SQL syntax; check the manual that corresponds to your MariaDB server version for the right syntax to use near 'FROM t_etape_eta
        LEFT JOIN t_scenario_sce USING(sce_id)
        LEFT ...' at line 1
in SYSTEMPATH/Database/BaseConnection.php on line 647.
 1 APPPATH/Models/Db_model.php(66): CodeIgniter\Database\BaseConnection->query()
 2 APPPATH/Controllers/Scenario.php(28): App\Models\Db_model->get_etape_1()
 3 SYSTEMPATH/CodeIgniter.php(942): App\Controllers\Scenario->afficher_etape_1()
 4 SYSTEMPATH/CodeIgniter.php(502): CodeIgniter\CodeIgniter->runController()
 5 SYSTEMPATH/CodeIgniter.php(361): CodeIgniter\CodeIgniter->handleRequest()
 6 FCPATH/index.php(79): CodeIgniter\CodeIgniter->run()
ERROR - 2023-11-15 10:08:50 --> mysqli_sql_exception: You have an error in your SQL syntax; check the manual that corresponds to your MariaDB server version for the right syntax to use near 'FROM t_etape_eta
        LEFT JOIN t_scenario_sce USING(sce_id)
        LEFT ...' at line 1 in /home/2023DIFAL3/e22103110/public_html/V1/ci/system/Database/MySQLi/Connection.php:306
Stack trace:
#0 /home/2023DIFAL3/e22103110/public_html/V1/ci/system/Database/MySQLi/Connection.php(306): mysqli->query()
#1 /home/2023DIFAL3/e22103110/public_html/V1/ci/system/Database/BaseConnection.php(693): CodeIgniter\Database\MySQLi\Connection->execute()
#2 /home/2023DIFAL3/e22103110/public_html/V1/ci/system/Database/BaseConnection.php(607): CodeIgniter\Database\BaseConnection->simpleQuery()
#3 /home/2023DIFAL3/e22103110/public_html/V1/ci/app/Models/Db_model.php(66): CodeIgniter\Database\BaseConnection->query()
#4 /home/2023DIFAL3/e22103110/public_html/V1/ci/app/Controllers/Scenario.php(28): App\Models\Db_model->get_etape_1()
#5 /home/2023DIFAL3/e22103110/public_html/V1/ci/system/CodeIgniter.php(942): App\Controllers\Scenario->afficher_etape_1()
#6 /home/2023DIFAL3/e22103110/public_html/V1/ci/system/CodeIgniter.php(502): CodeIgniter\CodeIgniter->runController()
#7 /home/2023DIFAL3/e22103110/public_html/V1/ci/system/CodeIgniter.php(361): CodeIgniter\CodeIgniter->handleRequest()
#8 /home/2023DIFAL3/e22103110/public_html/V1/ci/public/index.php(79): CodeIgniter\CodeIgniter->run()
#9 {main}
CRITICAL - 2023-11-15 10:08:50 --> You have an error in your SQL syntax; check the manual that corresponds to your MariaDB server version for the right syntax to use near 'FROM t_etape_eta
        LEFT JOIN t_scenario_sce USING(sce_id)
        LEFT ...' at line 1
in SYSTEMPATH/Database/BaseConnection.php on line 647.
 1 APPPATH/Models/Db_model.php(66): CodeIgniter\Database\BaseConnection->query()
 2 APPPATH/Controllers/Scenario.php(28): App\Models\Db_model->get_etape_1()
 3 SYSTEMPATH/CodeIgniter.php(942): App\Controllers\Scenario->afficher_etape_1()
 4 SYSTEMPATH/CodeIgniter.php(502): CodeIgniter\CodeIgniter->runController()
 5 SYSTEMPATH/CodeIgniter.php(361): CodeIgniter\CodeIgniter->handleRequest()
 6 FCPATH/index.php(79): CodeIgniter\CodeIgniter->run()
CRITICAL - 2023-11-15 10:21:47 --> chmod() has been disabled for security reasons
in SYSTEMPATH/Session/Handlers/FileHandler.php on line 147.
 1 [internal function]: CodeIgniter\Debug\Exceptions->errorHandler()
 2 SYSTEMPATH/Session/Handlers/FileHandler.php(147): chmod()
 3 [internal function]: CodeIgniter\Session\Handlers\FileHandler->read()
 4 SYSTEMPATH/Session/Session.php(919): session_start()
 5 SYSTEMPATH/Session/Session.php(241): CodeIgniter\Session\Session->startSession()
 6 SYSTEMPATH/Config/Services.php(693): CodeIgniter\Session\Session->start()
 7 SYSTEMPATH/Config/BaseService.php(258): CodeIgniter\Config\Services::session()
 8 SYSTEMPATH/Config/BaseService.php(199): CodeIgniter\Config\BaseService::__callStatic()
 9 SYSTEMPATH/Config/Services.php(664): CodeIgniter\Config\BaseService::getSharedInstance()
10 SYSTEMPATH/Config/BaseService.php(258): CodeIgniter\Config\Services::session()
11 SYSTEMPATH/Common.php(996): CodeIgniter\Config\BaseService::__callStatic()
12 APPPATH/Views/compte/compte_creer.php(4): session()
13 SYSTEMPATH/View/View.php(228): include('/home/2023DIFAL3/e22103110/public_html/V1/ci/app/Views/compte/compte_creer.php')
14 SYSTEMPATH/View/View.php(231): CodeIgniter\View\View->CodeIgniter\View\{closure}()
15 SYSTEMPATH/Common.php(1190): CodeIgniter\View\View->render()
16 APPPATH/Controllers/Compte.php(65): view()
17 SYSTEMPATH/CodeIgniter.php(942): App\Controllers\Compte->creer()
18 SYSTEMPATH/CodeIgniter.php(502): CodeIgniter\CodeIgniter->runController()
19 SYSTEMPATH/CodeIgniter.php(361): CodeIgniter\CodeIgniter->handleRequest()
20 FCPATH/index.php(79): CodeIgniter\CodeIgniter->run()
INFO - 2023-11-15 10:23:23 --> Session: Class initialized using 'CodeIgniter\Session\Handlers\FileHandler' driver.
INFO - 2023-11-15 10:26:18 --> Session: Class initialized using 'CodeIgniter\Session\Handlers\FileHandler' driver.
ERROR - 2023-11-15 10:28:25 --> mysqli_sql_exception: Duplicate entry 'lol876416' for key 'logincompte_UNIQUE' in /home/2023DIFAL3/e22103110/public_html/V1/ci/system/Database/MySQLi/Connection.php:306
Stack trace:
#0 /home/2023DIFAL3/e22103110/public_html/V1/ci/system/Database/MySQLi/Connection.php(306): mysqli->query()
#1 /home/2023DIFAL3/e22103110/public_html/V1/ci/system/Database/BaseConnection.php(693): CodeIgniter\Database\MySQLi\Connection->execute()
#2 /home/2023DIFAL3/e22103110/public_html/V1/ci/system/Database/BaseConnection.php(607): CodeIgniter\Database\BaseConnection->simpleQuery()
#3 /home/2023DIFAL3/e22103110/public_html/V1/ci/app/Models/Db_model.php(33): CodeIgniter\Database\BaseConnection->query()
#4 /home/2023DIFAL3/e22103110/public_html/V1/ci/app/Controllers/Compte.php(55): App\Models\Db_model->set_compte()
#5 /home/2023DIFAL3/e22103110/public_html/V1/ci/system/CodeIgniter.php(942): App\Controllers\Compte->creer()
#6 /home/2023DIFAL3/e22103110/public_html/V1/ci/system/CodeIgniter.php(502): CodeIgniter\CodeIgniter->runController()
#7 /home/2023DIFAL3/e22103110/public_html/V1/ci/system/CodeIgniter.php(361): CodeIgniter\CodeIgniter->handleRequest()
#8 /home/2023DIFAL3/e22103110/public_html/V1/ci/public/index.php(79): CodeIgniter\CodeIgniter->run()
#9 {main}
CRITICAL - 2023-11-15 10:28:25 --> Duplicate entry 'lol876416' for key 'logincompte_UNIQUE'
in SYSTEMPATH/Database/BaseConnection.php on line 647.
 1 APPPATH/Models/Db_model.php(33): CodeIgniter\Database\BaseConnection->query()
 2 APPPATH/Controllers/Compte.php(55): App\Models\Db_model->set_compte()
 3 SYSTEMPATH/CodeIgniter.php(942): App\Controllers\Compte->creer()
 4 SYSTEMPATH/CodeIgniter.php(502): CodeIgniter\CodeIgniter->runController()
 5 SYSTEMPATH/CodeIgniter.php(361): CodeIgniter\CodeIgniter->handleRequest()
 6 FCPATH/index.php(79): CodeIgniter\CodeIgniter->run()
INFO - 2023-11-15 10:28:36 --> Session: Class initialized using 'CodeIgniter\Session\Handlers\FileHandler' driver.
INFO - 2023-11-15 10:29:11 --> Session: Class initialized using 'CodeIgniter\Session\Handlers\FileHandler' driver.
INFO - 2023-11-15 10:29:12 --> Session: Class initialized using 'CodeIgniter\Session\Handlers\FileHandler' driver.
ERROR - 2023-11-15 10:29:24 --> mysqli_sql_exception: Duplicate entry 'Evan' for key 'logincompte_UNIQUE' in /home/2023DIFAL3/e22103110/public_html/V1/ci/system/Database/MySQLi/Connection.php:306
Stack trace:
#0 /home/2023DIFAL3/e22103110/public_html/V1/ci/system/Database/MySQLi/Connection.php(306): mysqli->query()
#1 /home/2023DIFAL3/e22103110/public_html/V1/ci/system/Database/BaseConnection.php(693): CodeIgniter\Database\MySQLi\Connection->execute()
#2 /home/2023DIFAL3/e22103110/public_html/V1/ci/system/Database/BaseConnection.php(607): CodeIgniter\Database\BaseConnection->simpleQuery()
#3 /home/2023DIFAL3/e22103110/public_html/V1/ci/app/Models/Db_model.php(33): CodeIgniter\Database\BaseConnection->query()
#4 /home/2023DIFAL3/e22103110/public_html/V1/ci/app/Controllers/Compte.php(55): App\Models\Db_model->set_compte()
#5 /home/2023DIFAL3/e22103110/public_html/V1/ci/system/CodeIgniter.php(942): App\Controllers\Compte->creer()
#6 /home/2023DIFAL3/e22103110/public_html/V1/ci/system/CodeIgniter.php(502): CodeIgniter\CodeIgniter->runController()
#7 /home/2023DIFAL3/e22103110/public_html/V1/ci/system/CodeIgniter.php(361): CodeIgniter\CodeIgniter->handleRequest()
#8 /home/2023DIFAL3/e22103110/public_html/V1/ci/public/index.php(79): CodeIgniter\CodeIgniter->run()
#9 {main}
CRITICAL - 2023-11-15 10:29:24 --> Duplicate entry 'Evan' for key 'logincompte_UNIQUE'
in SYSTEMPATH/Database/BaseConnection.php on line 647.
 1 APPPATH/Models/Db_model.php(33): CodeIgniter\Database\BaseConnection->query()
 2 APPPATH/Controllers/Compte.php(55): App\Models\Db_model->set_compte()
 3 SYSTEMPATH/CodeIgniter.php(942): App\Controllers\Compte->creer()
 4 SYSTEMPATH/CodeIgniter.php(502): CodeIgniter\CodeIgniter->runController()
 5 SYSTEMPATH/CodeIgniter.php(361): CodeIgniter\CodeIgniter->handleRequest()
 6 FCPATH/index.php(79): CodeIgniter\CodeIgniter->run()
INFO - 2023-11-15 10:32:51 --> Session: Class initialized using 'CodeIgniter\Session\Handlers\FileHandler' driver.
INFO - 2023-11-15 10:33:34 --> Session: Class initialized using 'CodeIgniter\Session\Handlers\FileHandler' driver.
INFO - 2023-11-15 10:33:37 --> Session: Class initialized using 'CodeIgniter\Session\Handlers\FileHandler' driver.
INFO - 2023-11-15 10:34:32 --> Session: Class initialized using 'CodeIgniter\Session\Handlers\FileHandler' driver.
INFO - 2023-11-15 10:39:38 --> Session: Class initialized using 'CodeIgniter\Session\Handlers\FileHandler' driver.
INFO - 2023-11-15 10:41:13 --> Session: Class initialized using 'CodeIgniter\Session\Handlers\FileHandler' driver.
INFO - 2023-11-15 10:41:22 --> Session: Class initialized using 'CodeIgniter\Session\Handlers\FileHandler' driver.
ERROR - 2023-11-15 10:42:04 --> mysqli_sql_exception: You have an error in your SQL syntax; check the manual that corresponds to your MariaDB server version for the right syntax to use near '(-"-"4548','fehglmkgerokhogrz','A','A')' at line 1 in /home/2023DIFAL3/e22103110/public_html/V1/ci/system/Database/MySQLi/Connection.php:306
Stack trace:
#0 /home/2023DIFAL3/e22103110/public_html/V1/ci/system/Database/MySQLi/Connection.php(306): mysqli->query()
#1 /home/2023DIFAL3/e22103110/public_html/V1/ci/system/Database/BaseConnection.php(693): CodeIgniter\Database\MySQLi\Connection->execute()
#2 /home/2023DIFAL3/e22103110/public_html/V1/ci/system/Database/BaseConnection.php(607): CodeIgniter\Database\BaseConnection->simpleQuery()
#3 /home/2023DIFAL3/e22103110/public_html/V1/ci/app/Models/Db_model.php(33): CodeIgniter\Database\BaseConnection->query()
#4 /home/2023DIFAL3/e22103110/public_html/V1/ci/app/Controllers/Compte.php(55): App\Models\Db_model->set_compte()
#5 /home/2023DIFAL3/e22103110/public_html/V1/ci/system/CodeIgniter.php(942): App\Controllers\Compte->creer()
#6 /home/2023DIFAL3/e22103110/public_html/V1/ci/system/CodeIgniter.php(502): CodeIgniter\CodeIgniter->runController()
#7 /home/2023DIFAL3/e22103110/public_html/V1/ci/system/CodeIgniter.php(361): CodeIgniter\CodeIgniter->handleRequest()
#8 /home/2023DIFAL3/e22103110/public_html/V1/ci/public/index.php(79): CodeIgniter\CodeIgniter->run()
#9 {main}
CRITICAL - 2023-11-15 10:42:04 --> You have an error in your SQL syntax; check the manual that corresponds to your MariaDB server version for the right syntax to use near '(-"-"4548','fehglmkgerokhogrz','A','A')' at line 1
in SYSTEMPATH/Database/BaseConnection.php on line 647.
 1 APPPATH/Models/Db_model.php(33): CodeIgniter\Database\BaseConnection->query()
 2 APPPATH/Controllers/Compte.php(55): App\Models\Db_model->set_compte()
 3 SYSTEMPATH/CodeIgniter.php(942): App\Controllers\Compte->creer()
 4 SYSTEMPATH/CodeIgniter.php(502): CodeIgniter\CodeIgniter->runController()
 5 SYSTEMPATH/CodeIgniter.php(361): CodeIgniter\CodeIgniter->handleRequest()
 6 FCPATH/index.php(79): CodeIgniter\CodeIgniter->run()
INFO - 2023-11-15 10:42:16 --> Session: Class initialized using 'CodeIgniter\Session\Handlers\FileHandler' driver.
INFO - 2023-11-15 10:45:04 --> Session: Class initialized using 'CodeIgniter\Session\Handlers\FileHandler' driver.
INFO - 2023-11-15 10:45:08 --> Session: Class initialized using 'CodeIgniter\Session\Handlers\FileHandler' driver.
INFO - 2023-11-15 10:48:53 --> Session: Class initialized using 'CodeIgniter\Session\Handlers\FileHandler' driver.
INFO - 2023-11-15 10:48:54 --> Session: Class initialized using 'CodeIgniter\Session\Handlers\FileHandler' driver.
ERROR - 2023-11-15 10:49:00 --> mysqli_sql_exception: Duplicate entry 'glermkgerok_'&quot;-&quot;(-9812' for key 'logincompte_UNIQUE' in /home/2023DIFAL3/e22103110/public_html/V1/ci/system/Database/MySQLi/Connection.php:306
Stack trace:
#0 /home/2023DIFAL3/e22103110/public_html/V1/ci/system/Database/MySQLi/Connection.php(306): mysqli->query()
#1 /home/2023DIFAL3/e22103110/public_html/V1/ci/system/Database/BaseConnection.php(693): CodeIgniter\Database\MySQLi\Connection->execute()
#2 /home/2023DIFAL3/e22103110/public_html/V1/ci/system/Database/BaseConnection.php(607): CodeIgniter\Database\BaseConnection->simpleQuery()
#3 /home/2023DIFAL3/e22103110/public_html/V1/ci/app/Models/Db_model.php(33): CodeIgniter\Database\BaseConnection->query()
#4 /home/2023DIFAL3/e22103110/public_html/V1/ci/app/Controllers/Compte.php(55): App\Models\Db_model->set_compte()
#5 /home/2023DIFAL3/e22103110/public_html/V1/ci/system/CodeIgniter.php(942): App\Controllers\Compte->creer()
#6 /home/2023DIFAL3/e22103110/public_html/V1/ci/system/CodeIgniter.php(502): CodeIgniter\CodeIgniter->runController()
#7 /home/2023DIFAL3/e22103110/public_html/V1/ci/system/CodeIgniter.php(361): CodeIgniter\CodeIgniter->handleRequest()
#8 /home/2023DIFAL3/e22103110/public_html/V1/ci/public/index.php(79): CodeIgniter\CodeIgniter->run()
#9 {main}
CRITICAL - 2023-11-15 10:49:00 --> Duplicate entry 'glermkgerok_'&quot;-&quot;(-9812' for key 'logincompte_UNIQUE'
in SYSTEMPATH/Database/BaseConnection.php on line 647.
 1 APPPATH/Models/Db_model.php(33): CodeIgniter\Database\BaseConnection->query()
 2 APPPATH/Controllers/Compte.php(55): App\Models\Db_model->set_compte()
 3 SYSTEMPATH/CodeIgniter.php(942): App\Controllers\Compte->creer()
 4 SYSTEMPATH/CodeIgniter.php(502): CodeIgniter\CodeIgniter->runController()
 5 SYSTEMPATH/CodeIgniter.php(361): CodeIgniter\CodeIgniter->handleRequest()
 6 FCPATH/index.php(79): CodeIgniter\CodeIgniter->run()
INFO - 2023-11-15 10:49:16 --> Session: Class initialized using 'CodeIgniter\Session\Handlers\FileHandler' driver.
INFO - 2023-11-15 10:55:46 --> Session: Class initialized using 'CodeIgniter\Session\Handlers\FileHandler' driver.
INFO - 2023-11-15 10:58:30 --> Session: Class initialized using 'CodeIgniter\Session\Handlers\FileHandler' driver.
INFO - 2023-11-15 11:01:18 --> Session: Class initialized using 'CodeIgniter\Session\Handlers\FileHandler' driver.
INFO - 2023-11-15 11:01:19 --> Session: Class initialized using 'CodeIgniter\Session\Handlers\FileHandler' driver.
CRITICAL - 2023-11-15 18:18:20 --> Undefined index: com_role
in APPPATH/Views/affichage_comptes.php on line 23.
 1 APPPATH/Views/affichage_comptes.php(23): CodeIgniter\Debug\Exceptions->errorHandler()
 2 SYSTEMPATH/View/View.php(228): include('/home/2023DIFAL3/e22103110/public_html/V1/ci/app/Views/affichage_comptes.php')
 3 SYSTEMPATH/View/View.php(231): CodeIgniter\View\View->CodeIgniter\View\{closure}()
 4 SYSTEMPATH/Common.php(1190): CodeIgniter\View\View->render()
 5 APPPATH/Controllers/Compte.php(20): view()
 6 SYSTEMPATH/CodeIgniter.php(942): App\Controllers\Compte->lister()
 7 SYSTEMPATH/CodeIgniter.php(502): CodeIgniter\CodeIgniter->runController()
 8 SYSTEMPATH/CodeIgniter.php(361): CodeIgniter\CodeIgniter->handleRequest()
 9 FCPATH/index.php(79): CodeIgniter\CodeIgniter->run()
