WARNING - 2024-11-15 18:27:47 --> [DEPRECATED] Creation of dynamic property App\Controllers\Accueil::$model is deprecated in APPPATH\Controllers\Accueil.php on line 11.
 1 SYSTEMPATH\CodeIgniter.php(914): App\Controllers\Accueil->__construct()
 2 SYSTEMPATH\CodeIgniter.php(493): CodeIgniter\CodeIgniter->createController()
 3 SYSTEMPATH\CodeIgniter.php(361): CodeIgniter\CodeIgniter->handleRequest(null, Object(Config\Cache), false)
 4 FCPATH\index.php(79): CodeIgniter\CodeIgniter->run()
INFO - 2024-11-15 18:27:47 --> Session: Class initialized using 'CodeIgniter\Session\Handlers\FileHandler' driver.
WARNING - 2024-11-15 18:40:32 --> [DEPRECATED] Creation of dynamic property App\Controllers\Accueil::$model is deprecated in APPPATH\Controllers\Accueil.php on line 11.
 1 SYSTEMPATH\CodeIgniter.php(914): App\Controllers\Accueil->__construct()
 2 SYSTEMPATH\CodeIgniter.php(493): CodeIgniter\CodeIgniter->createController()
 3 SYSTEMPATH\CodeIgniter.php(361): CodeIgniter\CodeIgniter->handleRequest(null, Object(Config\Cache), false)
 4 FCPATH\index.php(79): CodeIgniter\CodeIgniter->run()
INFO - 2024-11-15 18:40:32 --> Session: Class initialized using 'CodeIgniter\Session\Handlers\FileHandler' driver.
WARNING - 2024-11-15 18:40:41 --> [DEPRECATED] Creation of dynamic property App\Controllers\Scenario::$model is deprecated in APPPATH\Controllers\Scenario.php on line 12.
 1 SYSTEMPATH\CodeIgniter.php(914): App\Controllers\Scenario->__construct()
 2 SYSTEMPATH\CodeIgniter.php(493): CodeIgniter\CodeIgniter->createController()
 3 SYSTEMPATH\CodeIgniter.php(361): CodeIgniter\CodeIgniter->handleRequest(null, Object(Config\Cache), false)
 4 FCPATH\index.php(79): CodeIgniter\CodeIgniter->run()
INFO - 2024-11-15 18:40:41 --> Session: Class initialized using 'CodeIgniter\Session\Handlers\FileHandler' driver.
WARNING - 2024-11-15 18:40:43 --> [DEPRECATED] Creation of dynamic property App\Controllers\Scenario::$model is deprecated in APPPATH\Controllers\Scenario.php on line 12.
 1 SYSTEMPATH\CodeIgniter.php(914): App\Controllers\Scenario->__construct()
 2 SYSTEMPATH\CodeIgniter.php(493): CodeIgniter\CodeIgniter->createController()
 3 SYSTEMPATH\CodeIgniter.php(361): CodeIgniter\CodeIgniter->handleRequest(null, Object(Config\Cache), false)
 4 FCPATH\index.php(79): CodeIgniter\CodeIgniter->run()
INFO - 2024-11-15 18:40:43 --> Session: Class initialized using 'CodeIgniter\Session\Handlers\FileHandler' driver.
WARNING - 2024-11-15 18:40:48 --> [DEPRECATED] Creation of dynamic property App\Controllers\Scenario::$model is deprecated in APPPATH\Controllers\Scenario.php on line 12.
 1 SYSTEMPATH\CodeIgniter.php(914): App\Controllers\Scenario->__construct()
 2 SYSTEMPATH\CodeIgniter.php(493): CodeIgniter\CodeIgniter->createController()
 3 SYSTEMPATH\CodeIgniter.php(361): CodeIgniter\CodeIgniter->handleRequest(null, Object(Config\Cache), false)
 4 FCPATH\index.php(79): CodeIgniter\CodeIgniter->run()
INFO - 2024-11-15 18:40:48 --> Session: Class initialized using 'CodeIgniter\Session\Handlers\FileHandler' driver.
WARNING - 2024-11-15 18:40:48 --> [DEPRECATED] Creation of dynamic property App\Controllers\Scenario::$model is deprecated in APPPATH\Controllers\Scenario.php on line 12.
 1 SYSTEMPATH\CodeIgniter.php(914): App\Controllers\Scenario->__construct()
 2 SYSTEMPATH\CodeIgniter.php(493): CodeIgniter\CodeIgniter->createController()
 3 SYSTEMPATH\CodeIgniter.php(361): CodeIgniter\CodeIgniter->handleRequest(null, Object(Config\Cache), false)
 4 FCPATH\index.php(79): CodeIgniter\CodeIgniter->run()
INFO - 2024-11-15 18:40:48 --> Session: Class initialized using 'CodeIgniter\Session\Handlers\FileHandler' driver.
WARNING - 2024-11-15 18:40:52 --> [DEPRECATED] Creation of dynamic property App\Controllers\Scenario::$model is deprecated in APPPATH\Controllers\Scenario.php on line 12.
 1 SYSTEMPATH\CodeIgniter.php(914): App\Controllers\Scenario->__construct()
 2 SYSTEMPATH\CodeIgniter.php(493): CodeIgniter\CodeIgniter->createController()
 3 SYSTEMPATH\CodeIgniter.php(361): CodeIgniter\CodeIgniter->handleRequest(null, Object(Config\Cache), false)
 4 FCPATH\index.php(79): CodeIgniter\CodeIgniter->run()
INFO - 2024-11-15 18:40:52 --> Session: Class initialized using 'CodeIgniter\Session\Handlers\FileHandler' driver.
WARNING - 2024-11-15 18:40:53 --> [DEPRECATED] Creation of dynamic property App\Controllers\Scenario::$model is deprecated in APPPATH\Controllers\Scenario.php on line 12.
 1 SYSTEMPATH\CodeIgniter.php(914): App\Controllers\Scenario->__construct()
 2 SYSTEMPATH\CodeIgniter.php(493): CodeIgniter\CodeIgniter->createController()
 3 SYSTEMPATH\CodeIgniter.php(361): CodeIgniter\CodeIgniter->handleRequest(null, Object(Config\Cache), false)
 4 FCPATH\index.php(79): CodeIgniter\CodeIgniter->run()
INFO - 2024-11-15 18:40:53 --> Session: Class initialized using 'CodeIgniter\Session\Handlers\FileHandler' driver.
WARNING - 2024-11-15 18:40:53 --> [DEPRECATED] Creation of dynamic property App\Controllers\Scenario::$model is deprecated in APPPATH\Controllers\Scenario.php on line 12.
 1 SYSTEMPATH\CodeIgniter.php(914): App\Controllers\Scenario->__construct()
 2 SYSTEMPATH\CodeIgniter.php(493): CodeIgniter\CodeIgniter->createController()
 3 SYSTEMPATH\CodeIgniter.php(361): CodeIgniter\CodeIgniter->handleRequest(null, Object(Config\Cache), false)
 4 FCPATH\index.php(79): CodeIgniter\CodeIgniter->run()
INFO - 2024-11-15 18:40:53 --> Session: Class initialized using 'CodeIgniter\Session\Handlers\FileHandler' driver.
WARNING - 2024-11-15 18:40:55 --> [DEPRECATED] Creation of dynamic property App\Controllers\Scenario::$model is deprecated in APPPATH\Controllers\Scenario.php on line 12.
 1 SYSTEMPATH\CodeIgniter.php(914): App\Controllers\Scenario->__construct()
 2 SYSTEMPATH\CodeIgniter.php(493): CodeIgniter\CodeIgniter->createController()
 3 SYSTEMPATH\CodeIgniter.php(361): CodeIgniter\CodeIgniter->handleRequest(null, Object(Config\Cache), false)
 4 FCPATH\index.php(79): CodeIgniter\CodeIgniter->run()
INFO - 2024-11-15 18:40:55 --> Session: Class initialized using 'CodeIgniter\Session\Handlers\FileHandler' driver.
WARNING - 2024-11-15 18:40:57 --> [DEPRECATED] Creation of dynamic property App\Controllers\Scenario::$model is deprecated in APPPATH\Controllers\Scenario.php on line 12.
 1 SYSTEMPATH\CodeIgniter.php(914): App\Controllers\Scenario->__construct()
 2 SYSTEMPATH\CodeIgniter.php(493): CodeIgniter\CodeIgniter->createController()
 3 SYSTEMPATH\CodeIgniter.php(361): CodeIgniter\CodeIgniter->handleRequest(null, Object(Config\Cache), false)
 4 FCPATH\index.php(79): CodeIgniter\CodeIgniter->run()
INFO - 2024-11-15 18:40:57 --> Session: Class initialized using 'CodeIgniter\Session\Handlers\FileHandler' driver.
WARNING - 2024-11-15 18:40:57 --> [DEPRECATED] Creation of dynamic property App\Controllers\Scenario::$model is deprecated in APPPATH\Controllers\Scenario.php on line 12.
 1 SYSTEMPATH\CodeIgniter.php(914): App\Controllers\Scenario->__construct()
 2 SYSTEMPATH\CodeIgniter.php(493): CodeIgniter\CodeIgniter->createController()
 3 SYSTEMPATH\CodeIgniter.php(361): CodeIgniter\CodeIgniter->handleRequest(null, Object(Config\Cache), false)
 4 FCPATH\index.php(79): CodeIgniter\CodeIgniter->run()
INFO - 2024-11-15 18:40:57 --> Session: Class initialized using 'CodeIgniter\Session\Handlers\FileHandler' driver.
WARNING - 2024-11-15 18:40:59 --> [DEPRECATED] Creation of dynamic property App\Controllers\Scenario::$model is deprecated in APPPATH\Controllers\Scenario.php on line 12.
 1 SYSTEMPATH\CodeIgniter.php(914): App\Controllers\Scenario->__construct()
 2 SYSTEMPATH\CodeIgniter.php(493): CodeIgniter\CodeIgniter->createController()
 3 SYSTEMPATH\CodeIgniter.php(361): CodeIgniter\CodeIgniter->handleRequest(null, Object(Config\Cache), false)
 4 FCPATH\index.php(79): CodeIgniter\CodeIgniter->run()
INFO - 2024-11-15 18:40:59 --> Session: Class initialized using 'CodeIgniter\Session\Handlers\FileHandler' driver.
WARNING - 2024-11-15 18:41:01 --> [DEPRECATED] Creation of dynamic property App\Controllers\Scenario::$model is deprecated in APPPATH\Controllers\Scenario.php on line 12.
 1 SYSTEMPATH\CodeIgniter.php(914): App\Controllers\Scenario->__construct()
 2 SYSTEMPATH\CodeIgniter.php(493): CodeIgniter\CodeIgniter->createController()
 3 SYSTEMPATH\CodeIgniter.php(361): CodeIgniter\CodeIgniter->handleRequest(null, Object(Config\Cache), false)
 4 FCPATH\index.php(79): CodeIgniter\CodeIgniter->run()
INFO - 2024-11-15 18:41:01 --> Session: Class initialized using 'CodeIgniter\Session\Handlers\FileHandler' driver.
WARNING - 2024-11-15 18:41:01 --> [DEPRECATED] Creation of dynamic property App\Controllers\Scenario::$model is deprecated in APPPATH\Controllers\Scenario.php on line 12.
 1 SYSTEMPATH\CodeIgniter.php(914): App\Controllers\Scenario->__construct()
 2 SYSTEMPATH\CodeIgniter.php(493): CodeIgniter\CodeIgniter->createController()
 3 SYSTEMPATH\CodeIgniter.php(361): CodeIgniter\CodeIgniter->handleRequest(null, Object(Config\Cache), false)
 4 FCPATH\index.php(79): CodeIgniter\CodeIgniter->run()
INFO - 2024-11-15 18:41:01 --> Session: Class initialized using 'CodeIgniter\Session\Handlers\FileHandler' driver.
WARNING - 2024-11-15 18:41:04 --> [DEPRECATED] Creation of dynamic property App\Controllers\Scenario::$model is deprecated in APPPATH\Controllers\Scenario.php on line 12.
 1 SYSTEMPATH\CodeIgniter.php(914): App\Controllers\Scenario->__construct()
 2 SYSTEMPATH\CodeIgniter.php(493): CodeIgniter\CodeIgniter->createController()
 3 SYSTEMPATH\CodeIgniter.php(361): CodeIgniter\CodeIgniter->handleRequest(null, Object(Config\Cache), false)
 4 FCPATH\index.php(79): CodeIgniter\CodeIgniter->run()
INFO - 2024-11-15 18:41:04 --> Session: Class initialized using 'CodeIgniter\Session\Handlers\FileHandler' driver.
WARNING - 2024-11-15 18:41:04 --> [DEPRECATED] Creation of dynamic property App\Controllers\Scenario::$model is deprecated in APPPATH\Controllers\Scenario.php on line 12.
 1 SYSTEMPATH\CodeIgniter.php(914): App\Controllers\Scenario->__construct()
 2 SYSTEMPATH\CodeIgniter.php(493): CodeIgniter\CodeIgniter->createController()
 3 SYSTEMPATH\CodeIgniter.php(361): CodeIgniter\CodeIgniter->handleRequest(null, Object(Config\Cache), false)
 4 FCPATH\index.php(79): CodeIgniter\CodeIgniter->run()
INFO - 2024-11-15 18:41:04 --> Session: Class initialized using 'CodeIgniter\Session\Handlers\FileHandler' driver.
WARNING - 2024-11-15 18:41:11 --> [DEPRECATED] Creation of dynamic property App\Controllers\Scenario::$model is deprecated in APPPATH\Controllers\Scenario.php on line 12.
 1 SYSTEMPATH\CodeIgniter.php(914): App\Controllers\Scenario->__construct()
 2 SYSTEMPATH\CodeIgniter.php(493): CodeIgniter\CodeIgniter->createController()
 3 SYSTEMPATH\CodeIgniter.php(361): CodeIgniter\CodeIgniter->handleRequest(null, Object(Config\Cache), false)
 4 FCPATH\index.php(79): CodeIgniter\CodeIgniter->run()
INFO - 2024-11-15 18:41:11 --> Session: Class initialized using 'CodeIgniter\Session\Handlers\FileHandler' driver.
WARNING - 2024-11-15 18:41:12 --> [DEPRECATED] Creation of dynamic property App\Controllers\Scenario::$model is deprecated in APPPATH\Controllers\Scenario.php on line 12.
 1 SYSTEMPATH\CodeIgniter.php(914): App\Controllers\Scenario->__construct()
 2 SYSTEMPATH\CodeIgniter.php(493): CodeIgniter\CodeIgniter->createController()
 3 SYSTEMPATH\CodeIgniter.php(361): CodeIgniter\CodeIgniter->handleRequest(null, Object(Config\Cache), false)
 4 FCPATH\index.php(79): CodeIgniter\CodeIgniter->run()
INFO - 2024-11-15 18:41:12 --> Session: Class initialized using 'CodeIgniter\Session\Handlers\FileHandler' driver.
WARNING - 2024-11-15 18:41:14 --> [DEPRECATED] Creation of dynamic property App\Controllers\Scenario::$model is deprecated in APPPATH\Controllers\Scenario.php on line 12.
 1 SYSTEMPATH\CodeIgniter.php(914): App\Controllers\Scenario->__construct()
 2 SYSTEMPATH\CodeIgniter.php(493): CodeIgniter\CodeIgniter->createController()
 3 SYSTEMPATH\CodeIgniter.php(361): CodeIgniter\CodeIgniter->handleRequest(null, Object(Config\Cache), false)
 4 FCPATH\index.php(79): CodeIgniter\CodeIgniter->run()
INFO - 2024-11-15 18:41:14 --> Session: Class initialized using 'CodeIgniter\Session\Handlers\FileHandler' driver.
WARNING - 2024-11-15 18:41:16 --> [DEPRECATED] Creation of dynamic property App\Controllers\Scenario::$model is deprecated in APPPATH\Controllers\Scenario.php on line 12.
 1 SYSTEMPATH\CodeIgniter.php(914): App\Controllers\Scenario->__construct()
 2 SYSTEMPATH\CodeIgniter.php(493): CodeIgniter\CodeIgniter->createController()
 3 SYSTEMPATH\CodeIgniter.php(361): CodeIgniter\CodeIgniter->handleRequest(null, Object(Config\Cache), false)
 4 FCPATH\index.php(79): CodeIgniter\CodeIgniter->run()
INFO - 2024-11-15 18:41:16 --> Session: Class initialized using 'CodeIgniter\Session\Handlers\FileHandler' driver.
WARNING - 2024-11-15 18:41:18 --> [DEPRECATED] Creation of dynamic property App\Controllers\Scenario::$model is deprecated in APPPATH\Controllers\Scenario.php on line 12.
 1 SYSTEMPATH\CodeIgniter.php(914): App\Controllers\Scenario->__construct()
 2 SYSTEMPATH\CodeIgniter.php(493): CodeIgniter\CodeIgniter->createController()
 3 SYSTEMPATH\CodeIgniter.php(361): CodeIgniter\CodeIgniter->handleRequest(null, Object(Config\Cache), false)
 4 FCPATH\index.php(79): CodeIgniter\CodeIgniter->run()
INFO - 2024-11-15 18:41:18 --> Session: Class initialized using 'CodeIgniter\Session\Handlers\FileHandler' driver.
WARNING - 2024-11-15 18:41:21 --> [DEPRECATED] Creation of dynamic property App\Controllers\Scenario::$model is deprecated in APPPATH\Controllers\Scenario.php on line 12.
 1 SYSTEMPATH\CodeIgniter.php(914): App\Controllers\Scenario->__construct()
 2 SYSTEMPATH\CodeIgniter.php(493): CodeIgniter\CodeIgniter->createController()
 3 SYSTEMPATH\CodeIgniter.php(361): CodeIgniter\CodeIgniter->handleRequest(null, Object(Config\Cache), false)
 4 FCPATH\index.php(79): CodeIgniter\CodeIgniter->run()
INFO - 2024-11-15 18:41:21 --> Session: Class initialized using 'CodeIgniter\Session\Handlers\FileHandler' driver.
WARNING - 2024-11-15 18:41:21 --> [DEPRECATED] Creation of dynamic property App\Controllers\Scenario::$model is deprecated in APPPATH\Controllers\Scenario.php on line 12.
 1 SYSTEMPATH\CodeIgniter.php(914): App\Controllers\Scenario->__construct()
 2 SYSTEMPATH\CodeIgniter.php(493): CodeIgniter\CodeIgniter->createController()
 3 SYSTEMPATH\CodeIgniter.php(361): CodeIgniter\CodeIgniter->handleRequest(null, Object(Config\Cache), false)
 4 FCPATH\index.php(79): CodeIgniter\CodeIgniter->run()
INFO - 2024-11-15 18:41:21 --> Session: Class initialized using 'CodeIgniter\Session\Handlers\FileHandler' driver.
WARNING - 2024-11-15 18:43:24 --> [DEPRECATED] Creation of dynamic property App\Controllers\Accueil::$model is deprecated in APPPATH\Controllers\Accueil.php on line 11.
 1 SYSTEMPATH\CodeIgniter.php(914): App\Controllers\Accueil->__construct()
 2 SYSTEMPATH\CodeIgniter.php(493): CodeIgniter\CodeIgniter->createController()
 3 SYSTEMPATH\CodeIgniter.php(361): CodeIgniter\CodeIgniter->handleRequest(null, Object(Config\Cache), false)
 4 FCPATH\index.php(79): CodeIgniter\CodeIgniter->run()
INFO - 2024-11-15 18:43:24 --> Session: Class initialized using 'CodeIgniter\Session\Handlers\FileHandler' driver.
WARNING - 2024-11-15 18:43:28 --> [DEPRECATED] Creation of dynamic property App\Controllers\Accueil::$model is deprecated in APPPATH\Controllers\Accueil.php on line 11.
 1 SYSTEMPATH\CodeIgniter.php(914): App\Controllers\Accueil->__construct()
 2 SYSTEMPATH\CodeIgniter.php(493): CodeIgniter\CodeIgniter->createController()
 3 SYSTEMPATH\CodeIgniter.php(361): CodeIgniter\CodeIgniter->handleRequest(null, Object(Config\Cache), false)
 4 FCPATH\index.php(79): CodeIgniter\CodeIgniter->run()
INFO - 2024-11-15 18:43:28 --> Session: Class initialized using 'CodeIgniter\Session\Handlers\FileHandler' driver.
WARNING - 2024-11-15 18:45:35 --> [DEPRECATED] Creation of dynamic property App\Controllers\Accueil::$model is deprecated in APPPATH\Controllers\Accueil.php on line 11.
 1 SYSTEMPATH\CodeIgniter.php(914): App\Controllers\Accueil->__construct()
 2 SYSTEMPATH\CodeIgniter.php(493): CodeIgniter\CodeIgniter->createController()
 3 SYSTEMPATH\CodeIgniter.php(361): CodeIgniter\CodeIgniter->handleRequest(null, Object(Config\Cache), false)
 4 FCPATH\index.php(79): CodeIgniter\CodeIgniter->run()
INFO - 2024-11-15 18:45:35 --> Session: Class initialized using 'CodeIgniter\Session\Handlers\FileHandler' driver.
WARNING - 2024-11-15 18:45:37 --> [DEPRECATED] Creation of dynamic property App\Controllers\Accueil::$model is deprecated in APPPATH\Controllers\Accueil.php on line 11.
 1 SYSTEMPATH\CodeIgniter.php(914): App\Controllers\Accueil->__construct()
 2 SYSTEMPATH\CodeIgniter.php(493): CodeIgniter\CodeIgniter->createController()
 3 SYSTEMPATH\CodeIgniter.php(361): CodeIgniter\CodeIgniter->handleRequest(null, Object(Config\Cache), false)
 4 FCPATH\index.php(79): CodeIgniter\CodeIgniter->run()
INFO - 2024-11-15 18:45:37 --> Session: Class initialized using 'CodeIgniter\Session\Handlers\FileHandler' driver.
WARNING - 2024-11-15 18:46:09 --> [DEPRECATED] Creation of dynamic property App\Controllers\Accueil::$model is deprecated in APPPATH\Controllers\Accueil.php on line 11.
 1 SYSTEMPATH\CodeIgniter.php(914): App\Controllers\Accueil->__construct()
 2 SYSTEMPATH\CodeIgniter.php(493): CodeIgniter\CodeIgniter->createController()
 3 SYSTEMPATH\CodeIgniter.php(361): CodeIgniter\CodeIgniter->handleRequest(null, Object(Config\Cache), false)
 4 FCPATH\index.php(79): CodeIgniter\CodeIgniter->run()
INFO - 2024-11-15 18:46:09 --> Session: Class initialized using 'CodeIgniter\Session\Handlers\FileHandler' driver.
WARNING - 2024-11-15 18:46:10 --> [DEPRECATED] Creation of dynamic property App\Controllers\Accueil::$model is deprecated in APPPATH\Controllers\Accueil.php on line 11.
 1 SYSTEMPATH\CodeIgniter.php(914): App\Controllers\Accueil->__construct()
 2 SYSTEMPATH\CodeIgniter.php(493): CodeIgniter\CodeIgniter->createController()
 3 SYSTEMPATH\CodeIgniter.php(361): CodeIgniter\CodeIgniter->handleRequest(null, Object(Config\Cache), false)
 4 FCPATH\index.php(79): CodeIgniter\CodeIgniter->run()
INFO - 2024-11-15 18:46:10 --> Session: Class initialized using 'CodeIgniter\Session\Handlers\FileHandler' driver.
WARNING - 2024-11-15 18:46:10 --> [DEPRECATED] Creation of dynamic property App\Controllers\Accueil::$model is deprecated in APPPATH\Controllers\Accueil.php on line 11.
 1 SYSTEMPATH\CodeIgniter.php(914): App\Controllers\Accueil->__construct()
 2 SYSTEMPATH\CodeIgniter.php(493): CodeIgniter\CodeIgniter->createController()
 3 SYSTEMPATH\CodeIgniter.php(361): CodeIgniter\CodeIgniter->handleRequest(null, Object(Config\Cache), false)
 4 FCPATH\index.php(79): CodeIgniter\CodeIgniter->run()
INFO - 2024-11-15 18:46:10 --> Session: Class initialized using 'CodeIgniter\Session\Handlers\FileHandler' driver.
WARNING - 2024-11-15 18:46:11 --> [DEPRECATED] Creation of dynamic property App\Controllers\Accueil::$model is deprecated in APPPATH\Controllers\Accueil.php on line 11.
 1 SYSTEMPATH\CodeIgniter.php(914): App\Controllers\Accueil->__construct()
 2 SYSTEMPATH\CodeIgniter.php(493): CodeIgniter\CodeIgniter->createController()
 3 SYSTEMPATH\CodeIgniter.php(361): CodeIgniter\CodeIgniter->handleRequest(null, Object(Config\Cache), false)
 4 FCPATH\index.php(79): CodeIgniter\CodeIgniter->run()
INFO - 2024-11-15 18:46:11 --> Session: Class initialized using 'CodeIgniter\Session\Handlers\FileHandler' driver.
WARNING - 2024-11-15 18:46:11 --> [DEPRECATED] Creation of dynamic property App\Controllers\Accueil::$model is deprecated in APPPATH\Controllers\Accueil.php on line 11.
 1 SYSTEMPATH\CodeIgniter.php(914): App\Controllers\Accueil->__construct()
 2 SYSTEMPATH\CodeIgniter.php(493): CodeIgniter\CodeIgniter->createController()
 3 SYSTEMPATH\CodeIgniter.php(361): CodeIgniter\CodeIgniter->handleRequest(null, Object(Config\Cache), false)
 4 FCPATH\index.php(79): CodeIgniter\CodeIgniter->run()
INFO - 2024-11-15 18:46:11 --> Session: Class initialized using 'CodeIgniter\Session\Handlers\FileHandler' driver.
WARNING - 2024-11-15 18:47:20 --> [DEPRECATED] Creation of dynamic property App\Controllers\Accueil::$model is deprecated in APPPATH\Controllers\Accueil.php on line 11.
 1 SYSTEMPATH\CodeIgniter.php(914): App\Controllers\Accueil->__construct()
 2 SYSTEMPATH\CodeIgniter.php(493): CodeIgniter\CodeIgniter->createController()
 3 SYSTEMPATH\CodeIgniter.php(361): CodeIgniter\CodeIgniter->handleRequest(null, Object(Config\Cache), false)
 4 FCPATH\index.php(79): CodeIgniter\CodeIgniter->run()
INFO - 2024-11-15 18:47:20 --> Session: Class initialized using 'CodeIgniter\Session\Handlers\FileHandler' driver.
WARNING - 2024-11-15 18:47:24 --> [DEPRECATED] Creation of dynamic property App\Controllers\Scenario::$model is deprecated in APPPATH\Controllers\Scenario.php on line 12.
 1 SYSTEMPATH\CodeIgniter.php(914): App\Controllers\Scenario->__construct()
 2 SYSTEMPATH\CodeIgniter.php(493): CodeIgniter\CodeIgniter->createController()
 3 SYSTEMPATH\CodeIgniter.php(361): CodeIgniter\CodeIgniter->handleRequest(null, Object(Config\Cache), false)
 4 FCPATH\index.php(79): CodeIgniter\CodeIgniter->run()
INFO - 2024-11-15 18:47:24 --> Session: Class initialized using 'CodeIgniter\Session\Handlers\FileHandler' driver.
WARNING - 2024-11-15 18:47:26 --> [DEPRECATED] Creation of dynamic property App\Controllers\Scenario::$model is deprecated in APPPATH\Controllers\Scenario.php on line 12.
 1 SYSTEMPATH\CodeIgniter.php(914): App\Controllers\Scenario->__construct()
 2 SYSTEMPATH\CodeIgniter.php(493): CodeIgniter\CodeIgniter->createController()
 3 SYSTEMPATH\CodeIgniter.php(361): CodeIgniter\CodeIgniter->handleRequest(null, Object(Config\Cache), false)
 4 FCPATH\index.php(79): CodeIgniter\CodeIgniter->run()
INFO - 2024-11-15 18:47:26 --> Session: Class initialized using 'CodeIgniter\Session\Handlers\FileHandler' driver.
WARNING - 2024-11-15 18:56:07 --> [DEPRECATED] Creation of dynamic property App\Controllers\Scenario::$model is deprecated in APPPATH\Controllers\Scenario.php on line 12.
 1 SYSTEMPATH\CodeIgniter.php(914): App\Controllers\Scenario->__construct()
 2 SYSTEMPATH\CodeIgniter.php(493): CodeIgniter\CodeIgniter->createController()
 3 SYSTEMPATH\CodeIgniter.php(361): CodeIgniter\CodeIgniter->handleRequest(null, Object(Config\Cache), false)
 4 FCPATH\index.php(79): CodeIgniter\CodeIgniter->run()
WARNING - 2024-11-15 18:56:18 --> [DEPRECATED] Creation of dynamic property App\Controllers\Accueil::$model is deprecated in APPPATH\Controllers\Accueil.php on line 11.
 1 SYSTEMPATH\CodeIgniter.php(914): App\Controllers\Accueil->__construct()
 2 SYSTEMPATH\CodeIgniter.php(493): CodeIgniter\CodeIgniter->createController()
 3 SYSTEMPATH\CodeIgniter.php(361): CodeIgniter\CodeIgniter->handleRequest(null, Object(Config\Cache), false)
 4 FCPATH\index.php(79): CodeIgniter\CodeIgniter->run()
INFO - 2024-11-15 18:56:18 --> Session: Class initialized using 'CodeIgniter\Session\Handlers\FileHandler' driver.
WARNING - 2024-11-15 18:56:45 --> [DEPRECATED] Creation of dynamic property App\Controllers\Accueil::$model is deprecated in APPPATH\Controllers\Accueil.php on line 11.
 1 SYSTEMPATH\CodeIgniter.php(914): App\Controllers\Accueil->__construct()
 2 SYSTEMPATH\CodeIgniter.php(493): CodeIgniter\CodeIgniter->createController()
 3 SYSTEMPATH\CodeIgniter.php(361): CodeIgniter\CodeIgniter->handleRequest(null, Object(Config\Cache), false)
 4 FCPATH\index.php(79): CodeIgniter\CodeIgniter->run()
INFO - 2024-11-15 18:56:45 --> Session: Class initialized using 'CodeIgniter\Session\Handlers\FileHandler' driver.
WARNING - 2024-11-15 19:00:59 --> [DEPRECATED] Creation of dynamic property App\Controllers\Accueil::$model is deprecated in APPPATH\Controllers\Accueil.php on line 11.
 1 SYSTEMPATH\CodeIgniter.php(914): App\Controllers\Accueil->__construct()
 2 SYSTEMPATH\CodeIgniter.php(493): CodeIgniter\CodeIgniter->createController()
 3 SYSTEMPATH\CodeIgniter.php(361): CodeIgniter\CodeIgniter->handleRequest(null, Object(Config\Cache), false)
 4 FCPATH\index.php(79): CodeIgniter\CodeIgniter->run()
INFO - 2024-11-15 19:00:59 --> Session: Class initialized using 'CodeIgniter\Session\Handlers\FileHandler' driver.
WARNING - 2024-11-15 19:02:51 --> [DEPRECATED] Creation of dynamic property App\Controllers\Accueil::$model is deprecated in APPPATH\Controllers\Accueil.php on line 11.
 1 SYSTEMPATH\CodeIgniter.php(914): App\Controllers\Accueil->__construct()
 2 SYSTEMPATH\CodeIgniter.php(493): CodeIgniter\CodeIgniter->createController()
 3 SYSTEMPATH\CodeIgniter.php(361): CodeIgniter\CodeIgniter->handleRequest(null, Object(Config\Cache), false)
 4 FCPATH\index.php(79): CodeIgniter\CodeIgniter->run()
INFO - 2024-11-15 19:02:51 --> Session: Class initialized using 'CodeIgniter\Session\Handlers\FileHandler' driver.
WARNING - 2024-11-15 19:03:07 --> [DEPRECATED] Creation of dynamic property App\Controllers\Accueil::$model is deprecated in APPPATH\Controllers\Accueil.php on line 11.
 1 SYSTEMPATH\CodeIgniter.php(914): App\Controllers\Accueil->__construct()
 2 SYSTEMPATH\CodeIgniter.php(493): CodeIgniter\CodeIgniter->createController()
 3 SYSTEMPATH\CodeIgniter.php(361): CodeIgniter\CodeIgniter->handleRequest(null, Object(Config\Cache), false)
 4 FCPATH\index.php(79): CodeIgniter\CodeIgniter->run()
INFO - 2024-11-15 19:03:07 --> Session: Class initialized using 'CodeIgniter\Session\Handlers\FileHandler' driver.
WARNING - 2024-11-15 19:04:45 --> [DEPRECATED] Creation of dynamic property App\Controllers\Accueil::$model is deprecated in APPPATH\Controllers\Accueil.php on line 11.
 1 SYSTEMPATH\CodeIgniter.php(914): App\Controllers\Accueil->__construct()
 2 SYSTEMPATH\CodeIgniter.php(493): CodeIgniter\CodeIgniter->createController()
 3 SYSTEMPATH\CodeIgniter.php(361): CodeIgniter\CodeIgniter->handleRequest(null, Object(Config\Cache), false)
 4 FCPATH\index.php(79): CodeIgniter\CodeIgniter->run()
INFO - 2024-11-15 19:04:45 --> Session: Class initialized using 'CodeIgniter\Session\Handlers\FileHandler' driver.
WARNING - 2024-11-15 19:04:51 --> [DEPRECATED] Creation of dynamic property App\Controllers\Scenario::$model is deprecated in APPPATH\Controllers\Scenario.php on line 12.
 1 SYSTEMPATH\CodeIgniter.php(914): App\Controllers\Scenario->__construct()
 2 SYSTEMPATH\CodeIgniter.php(493): CodeIgniter\CodeIgniter->createController()
 3 SYSTEMPATH\CodeIgniter.php(361): CodeIgniter\CodeIgniter->handleRequest(null, Object(Config\Cache), false)
 4 FCPATH\index.php(79): CodeIgniter\CodeIgniter->run()
WARNING - 2024-11-15 19:04:53 --> [DEPRECATED] Creation of dynamic property App\Controllers\Scenario::$model is deprecated in APPPATH\Controllers\Scenario.php on line 12.
 1 SYSTEMPATH\CodeIgniter.php(914): App\Controllers\Scenario->__construct()
 2 SYSTEMPATH\CodeIgniter.php(493): CodeIgniter\CodeIgniter->createController()
 3 SYSTEMPATH\CodeIgniter.php(361): CodeIgniter\CodeIgniter->handleRequest(null, Object(Config\Cache), false)
 4 FCPATH\index.php(79): CodeIgniter\CodeIgniter->run()
WARNING - 2024-11-15 19:04:59 --> [DEPRECATED] Creation of dynamic property App\Controllers\Scenario::$model is deprecated in APPPATH\Controllers\Scenario.php on line 12.
 1 SYSTEMPATH\CodeIgniter.php(914): App\Controllers\Scenario->__construct()
 2 SYSTEMPATH\CodeIgniter.php(493): CodeIgniter\CodeIgniter->createController()
 3 SYSTEMPATH\CodeIgniter.php(361): CodeIgniter\CodeIgniter->handleRequest(null, Object(Config\Cache), false)
 4 FCPATH\index.php(79): CodeIgniter\CodeIgniter->run()
WARNING - 2024-11-15 19:05:00 --> [DEPRECATED] Creation of dynamic property App\Controllers\Scenario::$model is deprecated in APPPATH\Controllers\Scenario.php on line 12.
 1 SYSTEMPATH\CodeIgniter.php(914): App\Controllers\Scenario->__construct()
 2 SYSTEMPATH\CodeIgniter.php(493): CodeIgniter\CodeIgniter->createController()
 3 SYSTEMPATH\CodeIgniter.php(361): CodeIgniter\CodeIgniter->handleRequest(null, Object(Config\Cache), false)
 4 FCPATH\index.php(79): CodeIgniter\CodeIgniter->run()
WARNING - 2024-11-15 19:05:04 --> [DEPRECATED] Creation of dynamic property App\Controllers\Scenario::$model is deprecated in APPPATH\Controllers\Scenario.php on line 12.
 1 SYSTEMPATH\CodeIgniter.php(914): App\Controllers\Scenario->__construct()
 2 SYSTEMPATH\CodeIgniter.php(493): CodeIgniter\CodeIgniter->createController()
 3 SYSTEMPATH\CodeIgniter.php(361): CodeIgniter\CodeIgniter->handleRequest(null, Object(Config\Cache), false)
 4 FCPATH\index.php(79): CodeIgniter\CodeIgniter->run()
WARNING - 2024-11-15 19:05:09 --> [DEPRECATED] Creation of dynamic property App\Controllers\Scenario::$model is deprecated in APPPATH\Controllers\Scenario.php on line 12.
 1 SYSTEMPATH\CodeIgniter.php(914): App\Controllers\Scenario->__construct()
 2 SYSTEMPATH\CodeIgniter.php(493): CodeIgniter\CodeIgniter->createController()
 3 SYSTEMPATH\CodeIgniter.php(361): CodeIgniter\CodeIgniter->handleRequest(null, Object(Config\Cache), false)
 4 FCPATH\index.php(79): CodeIgniter\CodeIgniter->run()
WARNING - 2024-11-15 19:05:12 --> [DEPRECATED] Creation of dynamic property App\Controllers\Scenario::$model is deprecated in APPPATH\Controllers\Scenario.php on line 12.
 1 SYSTEMPATH\CodeIgniter.php(914): App\Controllers\Scenario->__construct()
 2 SYSTEMPATH\CodeIgniter.php(493): CodeIgniter\CodeIgniter->createController()
 3 SYSTEMPATH\CodeIgniter.php(361): CodeIgniter\CodeIgniter->handleRequest(null, Object(Config\Cache), false)
 4 FCPATH\index.php(79): CodeIgniter\CodeIgniter->run()
INFO - 2024-11-15 19:08:19 --> Session: Class initialized using 'CodeIgniter\Session\Handlers\FileHandler' driver.
INFO - 2024-11-15 19:08:25 --> Session: Class initialized using 'CodeIgniter\Session\Handlers\FileHandler' driver.
INFO - 2024-11-15 19:08:28 --> Session: Class initialized using 'CodeIgniter\Session\Handlers\FileHandler' driver.
