WARNING - 2024-04-24 14:41:27 --> [DEPRECATED] Creation of dynamic property App\Controllers\Accueil::$model is deprecated in APPPATH\Controllers\Accueil.php on line 11.
 1 SYSTEMPATH\CodeIgniter.php(914): App\Controllers\Accueil->__construct()
 2 SYSTEMPATH\CodeIgniter.php(493): CodeIgniter\CodeIgniter->createController()
 3 SYSTEMPATH\CodeIgniter.php(361): CodeIgniter\CodeIgniter->handleRequest(null, Object(Config\Cache), false)
 4 FCPATH\index.php(79): CodeIgniter\CodeIgniter->run()
INFO - 2024-04-24 14:41:27 --> Session: Class initialized using 'CodeIgniter\Session\Handlers\FileHandler' driver.
WARNING - 2024-04-24 14:41:42 --> [DEPRECATED] Creation of dynamic property App\Controllers\Accueil::$model is deprecated in APPPATH\Controllers\Accueil.php on line 11.
 1 SYSTEMPATH\CodeIgniter.php(914): App\Controllers\Accueil->__construct()
 2 SYSTEMPATH\CodeIgniter.php(493): CodeIgniter\CodeIgniter->createController()
 3 SYSTEMPATH\CodeIgniter.php(361): CodeIgniter\CodeIgniter->handleRequest(null, Object(Config\Cache), false)
 4 FCPATH\index.php(79): CodeIgniter\CodeIgniter->run()
INFO - 2024-04-24 14:41:42 --> Session: Class initialized using 'CodeIgniter\Session\Handlers\FileHandler' driver.
WARNING - 2024-04-24 14:47:08 --> [DEPRECATED] Creation of dynamic property App\Controllers\Accueil::$model is deprecated in APPPATH\Controllers\Accueil.php on line 11.
 1 SYSTEMPATH\CodeIgniter.php(914): App\Controllers\Accueil->__construct()
 2 SYSTEMPATH\CodeIgniter.php(493): CodeIgniter\CodeIgniter->createController()
 3 SYSTEMPATH\CodeIgniter.php(361): CodeIgniter\CodeIgniter->handleRequest(null, Object(Config\Cache), false)
 4 FCPATH\index.php(79): CodeIgniter\CodeIgniter->run()
INFO - 2024-04-24 14:47:08 --> Session: Class initialized using 'CodeIgniter\Session\Handlers\FileHandler' driver.
WARNING - 2024-04-24 18:54:55 --> [DEPRECATED] Creation of dynamic property App\Controllers\Accueil::$model is deprecated in APPPATH\Controllers\Accueil.php on line 11.
 1 SYSTEMPATH\CodeIgniter.php(914): App\Controllers\Accueil->__construct()
 2 SYSTEMPATH\CodeIgniter.php(493): CodeIgniter\CodeIgniter->createController()
 3 SYSTEMPATH\CodeIgniter.php(361): CodeIgniter\CodeIgniter->handleRequest(null, Object(Config\Cache), false)
 4 FCPATH\index.php(79): CodeIgniter\CodeIgniter->run()
INFO - 2024-04-24 18:54:55 --> Session: Class initialized using 'CodeIgniter\Session\Handlers\FileHandler' driver.
WARNING - 2024-04-24 18:55:08 --> [DEPRECATED] Creation of dynamic property App\Controllers\Accueil::$model is deprecated in APPPATH\Controllers\Accueil.php on line 11.
 1 SYSTEMPATH\CodeIgniter.php(914): App\Controllers\Accueil->__construct()
 2 SYSTEMPATH\CodeIgniter.php(493): CodeIgniter\CodeIgniter->createController()
 3 SYSTEMPATH\CodeIgniter.php(361): CodeIgniter\CodeIgniter->handleRequest(null, Object(Config\Cache), false)
 4 FCPATH\index.php(79): CodeIgniter\CodeIgniter->run()
INFO - 2024-04-24 18:55:08 --> Session: Class initialized using 'CodeIgniter\Session\Handlers\FileHandler' driver.
WARNING - 2024-04-24 20:04:40 --> [DEPRECATED] Creation of dynamic property App\Controllers\Accueil::$model is deprecated in APPPATH\Controllers\Accueil.php on line 11.
 1 SYSTEMPATH\CodeIgniter.php(914): App\Controllers\Accueil->__construct()
 2 SYSTEMPATH\CodeIgniter.php(493): CodeIgniter\CodeIgniter->createController()
 3 SYSTEMPATH\CodeIgniter.php(361): CodeIgniter\CodeIgniter->handleRequest(null, Object(Config\Cache), false)
 4 FCPATH\index.php(79): CodeIgniter\CodeIgniter->run()
INFO - 2024-04-24 20:04:40 --> Session: Class initialized using 'CodeIgniter\Session\Handlers\FileHandler' driver.
WARNING - 2024-04-24 20:04:46 --> [DEPRECATED] Creation of dynamic property App\Controllers\Accueil::$model is deprecated in APPPATH\Controllers\Accueil.php on line 11.
 1 SYSTEMPATH\CodeIgniter.php(914): App\Controllers\Accueil->__construct()
 2 SYSTEMPATH\CodeIgniter.php(493): CodeIgniter\CodeIgniter->createController()
 3 SYSTEMPATH\CodeIgniter.php(361): CodeIgniter\CodeIgniter->handleRequest(null, Object(Config\Cache), false)
 4 FCPATH\index.php(79): CodeIgniter\CodeIgniter->run()
INFO - 2024-04-24 20:04:46 --> Session: Class initialized using 'CodeIgniter\Session\Handlers\FileHandler' driver.
INFO - 2024-04-24 20:04:55 --> Session: Class initialized using 'CodeIgniter\Session\Handlers\FileHandler' driver.
WARNING - 2024-04-24 20:05:00 --> [DEPRECATED] Creation of dynamic property App\Controllers\Accueil::$model is deprecated in APPPATH\Controllers\Accueil.php on line 11.
 1 SYSTEMPATH\CodeIgniter.php(914): App\Controllers\Accueil->__construct()
 2 SYSTEMPATH\CodeIgniter.php(493): CodeIgniter\CodeIgniter->createController()
 3 SYSTEMPATH\CodeIgniter.php(361): CodeIgniter\CodeIgniter->handleRequest(null, Object(Config\Cache), false)
 4 FCPATH\index.php(79): CodeIgniter\CodeIgniter->run()
INFO - 2024-04-24 20:05:00 --> Session: Class initialized using 'CodeIgniter\Session\Handlers\FileHandler' driver.
WARNING - 2024-04-24 20:15:33 --> [DEPRECATED] Creation of dynamic property App\Controllers\Accueil::$model is deprecated in APPPATH\Controllers\Accueil.php on line 11.
 1 SYSTEMPATH\CodeIgniter.php(914): App\Controllers\Accueil->__construct()
 2 SYSTEMPATH\CodeIgniter.php(493): CodeIgniter\CodeIgniter->createController()
 3 SYSTEMPATH\CodeIgniter.php(361): CodeIgniter\CodeIgniter->handleRequest(null, Object(Config\Cache), false)
 4 FCPATH\index.php(79): CodeIgniter\CodeIgniter->run()
INFO - 2024-04-24 20:15:33 --> Session: Class initialized using 'CodeIgniter\Session\Handlers\FileHandler' driver.
