INFO - 2023-12-11 01:57:59 --> Session: Class initialized using 'CodeIgniter\Session\Handlers\FileHandler' driver.
INFO - 2023-12-11 01:58:01 --> Session: Class initialized using 'CodeIgniter\Session\Handlers\FileHandler' driver.
INFO - 2023-12-11 01:58:06 --> Session: Class initialized using 'CodeIgniter\Session\Handlers\FileHandler' driver.
INFO - 2023-12-11 02:00:38 --> Session: Class initialized using 'CodeIgniter\Session\Handlers\FileHandler' driver.
INFO - 2023-12-11 02:00:45 --> Session: Class initialized using 'CodeIgniter\Session\Handlers\FileHandler' driver.
INFO - 2023-12-11 02:00:51 --> Session: Class initialized using 'CodeIgniter\Session\Handlers\FileHandler' driver.
INFO - 2023-12-11 02:01:53 --> Session: Class initialized using 'CodeIgniter\Session\Handlers\FileHandler' driver.
ERROR - 2023-12-11 02:01:53 --> mysqli_sql_exception: Unknown column 'pseudo' in 'where clause' in /home/2023DIFAL3/e22103110/public_html/V2/ci/system/Database/MySQLi/Connection.php:306
Stack trace:
#0 /home/2023DIFAL3/e22103110/public_html/V2/ci/system/Database/MySQLi/Connection.php(306): mysqli->query()
#1 /home/2023DIFAL3/e22103110/public_html/V2/ci/system/Database/BaseConnection.php(693): CodeIgniter\Database\MySQLi\Connection->execute()
#2 /home/2023DIFAL3/e22103110/public_html/V2/ci/system/Database/BaseConnection.php(607): CodeIgniter\Database\BaseConnection->simpleQuery()
#3 /home/2023DIFAL3/e22103110/public_html/V2/ci/system/Database/BaseBuilder.php(1615): CodeIgniter\Database\BaseConnection->query()
#4 /home/2023DIFAL3/e22103110/public_html/V2/ci/system/Validation/StrictRules/Rules.php(208): CodeIgniter\Database\BaseBuilder->get()
#5 /home/2023DIFAL3/e22103110/public_html/V2/ci/system/Validation/Validation.php(311): CodeIgniter\Validation\StrictRules\Rules->is_unique()
#6 /home/2023DIFAL3/e22103110/public_html/V2/ci/system/Validation/Validation.php(197): CodeIgniter\Validation\Validation->processRules()
#7 /home/2023DIFAL3/e22103110/public_html/V2/ci/system/Controller.php(152): CodeIgniter\Validation\Validation->run()
#8 /home/2023DIFAL3/e22103110/public_html/V2/ci/app/Controllers/Compte.php(50): CodeIgniter\Controller->validate()
#9 /home/2023DIFAL3/e22103110/public_html/V2/ci/system/CodeIgniter.php(942): App\Controllers\Compte->creer()
#10 /home/2023DIFAL3/e22103110/public_html/V2/ci/system/CodeIgniter.php(502): CodeIgniter\CodeIgniter->runController()
#11 /home/2023DIFAL3/e22103110/public_html/V2/ci/system/CodeIgniter.php(361): CodeIgniter\CodeIgniter->handleRequest()
#12 /home/2023DIFAL3/e22103110/public_html/V2/ci/public/index.php(79): CodeIgniter\CodeIgniter->run()
#13 {main}
CRITICAL - 2023-12-11 02:01:53 --> Unknown column 'pseudo' in 'where clause'
in SYSTEMPATH/Database/BaseConnection.php on line 647.
 1 SYSTEMPATH/Database/BaseBuilder.php(1615): CodeIgniter\Database\BaseConnection->query()
 2 SYSTEMPATH/Validation/StrictRules/Rules.php(208): CodeIgniter\Database\BaseBuilder->get()
 3 SYSTEMPATH/Validation/Validation.php(311): CodeIgniter\Validation\StrictRules\Rules->is_unique()
 4 SYSTEMPATH/Validation/Validation.php(197): CodeIgniter\Validation\Validation->processRules()
 5 SYSTEMPATH/Controller.php(152): CodeIgniter\Validation\Validation->run()
 6 APPPATH/Controllers/Compte.php(50): CodeIgniter\Controller->validate()
 7 SYSTEMPATH/CodeIgniter.php(942): App\Controllers\Compte->creer()
 8 SYSTEMPATH/CodeIgniter.php(502): CodeIgniter\CodeIgniter->runController()
 9 SYSTEMPATH/CodeIgniter.php(361): CodeIgniter\CodeIgniter->handleRequest()
10 FCPATH/index.php(79): CodeIgniter\CodeIgniter->run()
INFO - 2023-12-11 02:02:07 --> Session: Class initialized using 'CodeIgniter\Session\Handlers\FileHandler' driver.
ERROR - 2023-12-11 02:02:07 --> mysqli_sql_exception: Unknown column 'pseudo' in 'where clause' in /home/2023DIFAL3/e22103110/public_html/V2/ci/system/Database/MySQLi/Connection.php:306
Stack trace:
#0 /home/2023DIFAL3/e22103110/public_html/V2/ci/system/Database/MySQLi/Connection.php(306): mysqli->query()
#1 /home/2023DIFAL3/e22103110/public_html/V2/ci/system/Database/BaseConnection.php(693): CodeIgniter\Database\MySQLi\Connection->execute()
#2 /home/2023DIFAL3/e22103110/public_html/V2/ci/system/Database/BaseConnection.php(607): CodeIgniter\Database\BaseConnection->simpleQuery()
#3 /home/2023DIFAL3/e22103110/public_html/V2/ci/system/Database/BaseBuilder.php(1615): CodeIgniter\Database\BaseConnection->query()
#4 /home/2023DIFAL3/e22103110/public_html/V2/ci/system/Validation/StrictRules/Rules.php(208): CodeIgniter\Database\BaseBuilder->get()
#5 /home/2023DIFAL3/e22103110/public_html/V2/ci/system/Validation/Validation.php(311): CodeIgniter\Validation\StrictRules\Rules->is_unique()
#6 /home/2023DIFAL3/e22103110/public_html/V2/ci/system/Validation/Validation.php(197): CodeIgniter\Validation\Validation->processRules()
#7 /home/2023DIFAL3/e22103110/public_html/V2/ci/system/Controller.php(152): CodeIgniter\Validation\Validation->run()
#8 /home/2023DIFAL3/e22103110/public_html/V2/ci/app/Controllers/Compte.php(50): CodeIgniter\Controller->validate()
#9 /home/2023DIFAL3/e22103110/public_html/V2/ci/system/CodeIgniter.php(942): App\Controllers\Compte->creer()
#10 /home/2023DIFAL3/e22103110/public_html/V2/ci/system/CodeIgniter.php(502): CodeIgniter\CodeIgniter->runController()
#11 /home/2023DIFAL3/e22103110/public_html/V2/ci/system/CodeIgniter.php(361): CodeIgniter\CodeIgniter->handleRequest()
#12 /home/2023DIFAL3/e22103110/public_html/V2/ci/public/index.php(79): CodeIgniter\CodeIgniter->run()
#13 {main}
CRITICAL - 2023-12-11 02:02:07 --> Unknown column 'pseudo' in 'where clause'
in SYSTEMPATH/Database/BaseConnection.php on line 647.
 1 SYSTEMPATH/Database/BaseBuilder.php(1615): CodeIgniter\Database\BaseConnection->query()
 2 SYSTEMPATH/Validation/StrictRules/Rules.php(208): CodeIgniter\Database\BaseBuilder->get()
 3 SYSTEMPATH/Validation/Validation.php(311): CodeIgniter\Validation\StrictRules\Rules->is_unique()
 4 SYSTEMPATH/Validation/Validation.php(197): CodeIgniter\Validation\Validation->processRules()
 5 SYSTEMPATH/Controller.php(152): CodeIgniter\Validation\Validation->run()
 6 APPPATH/Controllers/Compte.php(50): CodeIgniter\Controller->validate()
 7 SYSTEMPATH/CodeIgniter.php(942): App\Controllers\Compte->creer()
 8 SYSTEMPATH/CodeIgniter.php(502): CodeIgniter\CodeIgniter->runController()
 9 SYSTEMPATH/CodeIgniter.php(361): CodeIgniter\CodeIgniter->handleRequest()
10 FCPATH/index.php(79): CodeIgniter\CodeIgniter->run()
INFO - 2023-12-11 02:02:10 --> Session: Class initialized using 'CodeIgniter\Session\Handlers\FileHandler' driver.
INFO - 2023-12-11 02:02:38 --> Session: Class initialized using 'CodeIgniter\Session\Handlers\FileHandler' driver.
ERROR - 2023-12-11 02:02:38 --> mysqli_sql_exception: Unknown column 'pseudo' in 'where clause' in /home/2023DIFAL3/e22103110/public_html/V2/ci/system/Database/MySQLi/Connection.php:306
Stack trace:
#0 /home/2023DIFAL3/e22103110/public_html/V2/ci/system/Database/MySQLi/Connection.php(306): mysqli->query()
#1 /home/2023DIFAL3/e22103110/public_html/V2/ci/system/Database/BaseConnection.php(693): CodeIgniter\Database\MySQLi\Connection->execute()
#2 /home/2023DIFAL3/e22103110/public_html/V2/ci/system/Database/BaseConnection.php(607): CodeIgniter\Database\BaseConnection->simpleQuery()
#3 /home/2023DIFAL3/e22103110/public_html/V2/ci/system/Database/BaseBuilder.php(1615): CodeIgniter\Database\BaseConnection->query()
#4 /home/2023DIFAL3/e22103110/public_html/V2/ci/system/Validation/StrictRules/Rules.php(208): CodeIgniter\Database\BaseBuilder->get()
#5 /home/2023DIFAL3/e22103110/public_html/V2/ci/system/Validation/Validation.php(311): CodeIgniter\Validation\StrictRules\Rules->is_unique()
#6 /home/2023DIFAL3/e22103110/public_html/V2/ci/system/Validation/Validation.php(197): CodeIgniter\Validation\Validation->processRules()
#7 /home/2023DIFAL3/e22103110/public_html/V2/ci/system/Controller.php(152): CodeIgniter\Validation\Validation->run()
#8 /home/2023DIFAL3/e22103110/public_html/V2/ci/app/Controllers/Compte.php(50): CodeIgniter\Controller->validate()
#9 /home/2023DIFAL3/e22103110/public_html/V2/ci/system/CodeIgniter.php(942): App\Controllers\Compte->creer()
#10 /home/2023DIFAL3/e22103110/public_html/V2/ci/system/CodeIgniter.php(502): CodeIgniter\CodeIgniter->runController()
#11 /home/2023DIFAL3/e22103110/public_html/V2/ci/system/CodeIgniter.php(361): CodeIgniter\CodeIgniter->handleRequest()
#12 /home/2023DIFAL3/e22103110/public_html/V2/ci/public/index.php(79): CodeIgniter\CodeIgniter->run()
#13 {main}
CRITICAL - 2023-12-11 02:02:38 --> Unknown column 'pseudo' in 'where clause'
in SYSTEMPATH/Database/BaseConnection.php on line 647.
 1 SYSTEMPATH/Database/BaseBuilder.php(1615): CodeIgniter\Database\BaseConnection->query()
 2 SYSTEMPATH/Validation/StrictRules/Rules.php(208): CodeIgniter\Database\BaseBuilder->get()
 3 SYSTEMPATH/Validation/Validation.php(311): CodeIgniter\Validation\StrictRules\Rules->is_unique()
 4 SYSTEMPATH/Validation/Validation.php(197): CodeIgniter\Validation\Validation->processRules()
 5 SYSTEMPATH/Controller.php(152): CodeIgniter\Validation\Validation->run()
 6 APPPATH/Controllers/Compte.php(50): CodeIgniter\Controller->validate()
 7 SYSTEMPATH/CodeIgniter.php(942): App\Controllers\Compte->creer()
 8 SYSTEMPATH/CodeIgniter.php(502): CodeIgniter\CodeIgniter->runController()
 9 SYSTEMPATH/CodeIgniter.php(361): CodeIgniter\CodeIgniter->handleRequest()
10 FCPATH/index.php(79): CodeIgniter\CodeIgniter->run()
INFO - 2023-12-11 02:02:42 --> Session: Class initialized using 'CodeIgniter\Session\Handlers\FileHandler' driver.
INFO - 2023-12-11 02:02:55 --> Session: Class initialized using 'CodeIgniter\Session\Handlers\FileHandler' driver.
ERROR - 2023-12-11 02:02:55 --> mysqli_sql_exception: Unknown column 'pseudo' in 'where clause' in /home/2023DIFAL3/e22103110/public_html/V2/ci/system/Database/MySQLi/Connection.php:306
Stack trace:
#0 /home/2023DIFAL3/e22103110/public_html/V2/ci/system/Database/MySQLi/Connection.php(306): mysqli->query()
#1 /home/2023DIFAL3/e22103110/public_html/V2/ci/system/Database/BaseConnection.php(693): CodeIgniter\Database\MySQLi\Connection->execute()
#2 /home/2023DIFAL3/e22103110/public_html/V2/ci/system/Database/BaseConnection.php(607): CodeIgniter\Database\BaseConnection->simpleQuery()
#3 /home/2023DIFAL3/e22103110/public_html/V2/ci/system/Database/BaseBuilder.php(1615): CodeIgniter\Database\BaseConnection->query()
#4 /home/2023DIFAL3/e22103110/public_html/V2/ci/system/Validation/StrictRules/Rules.php(208): CodeIgniter\Database\BaseBuilder->get()
#5 /home/2023DIFAL3/e22103110/public_html/V2/ci/system/Validation/Validation.php(311): CodeIgniter\Validation\StrictRules\Rules->is_unique()
#6 /home/2023DIFAL3/e22103110/public_html/V2/ci/system/Validation/Validation.php(197): CodeIgniter\Validation\Validation->processRules()
#7 /home/2023DIFAL3/e22103110/public_html/V2/ci/system/Controller.php(152): CodeIgniter\Validation\Validation->run()
#8 /home/2023DIFAL3/e22103110/public_html/V2/ci/app/Controllers/Compte.php(50): CodeIgniter\Controller->validate()
#9 /home/2023DIFAL3/e22103110/public_html/V2/ci/system/CodeIgniter.php(942): App\Controllers\Compte->creer()
#10 /home/2023DIFAL3/e22103110/public_html/V2/ci/system/CodeIgniter.php(502): CodeIgniter\CodeIgniter->runController()
#11 /home/2023DIFAL3/e22103110/public_html/V2/ci/system/CodeIgniter.php(361): CodeIgniter\CodeIgniter->handleRequest()
#12 /home/2023DIFAL3/e22103110/public_html/V2/ci/public/index.php(79): CodeIgniter\CodeIgniter->run()
#13 {main}
CRITICAL - 2023-12-11 02:02:55 --> Unknown column 'pseudo' in 'where clause'
in SYSTEMPATH/Database/BaseConnection.php on line 647.
 1 SYSTEMPATH/Database/BaseBuilder.php(1615): CodeIgniter\Database\BaseConnection->query()
 2 SYSTEMPATH/Validation/StrictRules/Rules.php(208): CodeIgniter\Database\BaseBuilder->get()
 3 SYSTEMPATH/Validation/Validation.php(311): CodeIgniter\Validation\StrictRules\Rules->is_unique()
 4 SYSTEMPATH/Validation/Validation.php(197): CodeIgniter\Validation\Validation->processRules()
 5 SYSTEMPATH/Controller.php(152): CodeIgniter\Validation\Validation->run()
 6 APPPATH/Controllers/Compte.php(50): CodeIgniter\Controller->validate()
 7 SYSTEMPATH/CodeIgniter.php(942): App\Controllers\Compte->creer()
 8 SYSTEMPATH/CodeIgniter.php(502): CodeIgniter\CodeIgniter->runController()
 9 SYSTEMPATH/CodeIgniter.php(361): CodeIgniter\CodeIgniter->handleRequest()
10 FCPATH/index.php(79): CodeIgniter\CodeIgniter->run()
INFO - 2023-12-11 02:02:57 --> Session: Class initialized using 'CodeIgniter\Session\Handlers\FileHandler' driver.
INFO - 2023-12-11 02:03:04 --> Session: Class initialized using 'CodeIgniter\Session\Handlers\FileHandler' driver.
INFO - 2023-12-11 02:03:12 --> Session: Class initialized using 'CodeIgniter\Session\Handlers\FileHandler' driver.
ERROR - 2023-12-11 02:03:12 --> mysqli_sql_exception: Unknown column 'pseudo' in 'where clause' in /home/2023DIFAL3/e22103110/public_html/V2/ci/system/Database/MySQLi/Connection.php:306
Stack trace:
#0 /home/2023DIFAL3/e22103110/public_html/V2/ci/system/Database/MySQLi/Connection.php(306): mysqli->query()
#1 /home/2023DIFAL3/e22103110/public_html/V2/ci/system/Database/BaseConnection.php(693): CodeIgniter\Database\MySQLi\Connection->execute()
#2 /home/2023DIFAL3/e22103110/public_html/V2/ci/system/Database/BaseConnection.php(607): CodeIgniter\Database\BaseConnection->simpleQuery()
#3 /home/2023DIFAL3/e22103110/public_html/V2/ci/system/Database/BaseBuilder.php(1615): CodeIgniter\Database\BaseConnection->query()
#4 /home/2023DIFAL3/e22103110/public_html/V2/ci/system/Validation/StrictRules/Rules.php(208): CodeIgniter\Database\BaseBuilder->get()
#5 /home/2023DIFAL3/e22103110/public_html/V2/ci/system/Validation/Validation.php(311): CodeIgniter\Validation\StrictRules\Rules->is_unique()
#6 /home/2023DIFAL3/e22103110/public_html/V2/ci/system/Validation/Validation.php(197): CodeIgniter\Validation\Validation->processRules()
#7 /home/2023DIFAL3/e22103110/public_html/V2/ci/system/Controller.php(152): CodeIgniter\Validation\Validation->run()
#8 /home/2023DIFAL3/e22103110/public_html/V2/ci/app/Controllers/Compte.php(50): CodeIgniter\Controller->validate()
#9 /home/2023DIFAL3/e22103110/public_html/V2/ci/system/CodeIgniter.php(942): App\Controllers\Compte->creer()
#10 /home/2023DIFAL3/e22103110/public_html/V2/ci/system/CodeIgniter.php(502): CodeIgniter\CodeIgniter->runController()
#11 /home/2023DIFAL3/e22103110/public_html/V2/ci/system/CodeIgniter.php(361): CodeIgniter\CodeIgniter->handleRequest()
#12 /home/2023DIFAL3/e22103110/public_html/V2/ci/public/index.php(79): CodeIgniter\CodeIgniter->run()
#13 {main}
CRITICAL - 2023-12-11 02:03:12 --> Unknown column 'pseudo' in 'where clause'
in SYSTEMPATH/Database/BaseConnection.php on line 647.
 1 SYSTEMPATH/Database/BaseBuilder.php(1615): CodeIgniter\Database\BaseConnection->query()
 2 SYSTEMPATH/Validation/StrictRules/Rules.php(208): CodeIgniter\Database\BaseBuilder->get()
 3 SYSTEMPATH/Validation/Validation.php(311): CodeIgniter\Validation\StrictRules\Rules->is_unique()
 4 SYSTEMPATH/Validation/Validation.php(197): CodeIgniter\Validation\Validation->processRules()
 5 SYSTEMPATH/Controller.php(152): CodeIgniter\Validation\Validation->run()
 6 APPPATH/Controllers/Compte.php(50): CodeIgniter\Controller->validate()
 7 SYSTEMPATH/CodeIgniter.php(942): App\Controllers\Compte->creer()
 8 SYSTEMPATH/CodeIgniter.php(502): CodeIgniter\CodeIgniter->runController()
 9 SYSTEMPATH/CodeIgniter.php(361): CodeIgniter\CodeIgniter->handleRequest()
10 FCPATH/index.php(79): CodeIgniter\CodeIgniter->run()
INFO - 2023-12-11 02:03:31 --> Session: Class initialized using 'CodeIgniter\Session\Handlers\FileHandler' driver.
INFO - 2023-12-11 02:03:31 --> Session: Class initialized using 'CodeIgniter\Session\Handlers\FileHandler' driver.
INFO - 2023-12-11 02:03:32 --> Session: Class initialized using 'CodeIgniter\Session\Handlers\FileHandler' driver.
INFO - 2023-12-11 02:03:32 --> Session: Class initialized using 'CodeIgniter\Session\Handlers\FileHandler' driver.
INFO - 2023-12-11 02:03:34 --> Session: Class initialized using 'CodeIgniter\Session\Handlers\FileHandler' driver.
INFO - 2023-12-11 04:34:54 --> Session: Class initialized using 'CodeIgniter\Session\Handlers\FileHandler' driver.
INFO - 2023-12-11 18:29:00 --> Session: Class initialized using 'CodeIgniter\Session\Handlers\FileHandler' driver.
INFO - 2023-12-11 18:29:58 --> Session: Class initialized using 'CodeIgniter\Session\Handlers\FileHandler' driver.
INFO - 2023-12-11 18:35:53 --> Session: Class initialized using 'CodeIgniter\Session\Handlers\FileHandler' driver.
INFO - 2023-12-11 18:36:23 --> Session: Class initialized using 'CodeIgniter\Session\Handlers\FileHandler' driver.
INFO - 2023-12-11 18:36:30 --> Session: Class initialized using 'CodeIgniter\Session\Handlers\FileHandler' driver.
INFO - 2023-12-11 18:36:46 --> Session: Class initialized using 'CodeIgniter\Session\Handlers\FileHandler' driver.
INFO - 2023-12-11 18:38:09 --> Session: Class initialized using 'CodeIgniter\Session\Handlers\FileHandler' driver.
ERROR - 2023-12-11 18:38:09 --> mysqli_sql_exception: Unknown column 'email' in 'where clause' in /home/2023DIFAL3/e22103110/public_html/V2/ci/system/Database/MySQLi/Connection.php:306
Stack trace:
#0 /home/2023DIFAL3/e22103110/public_html/V2/ci/system/Database/MySQLi/Connection.php(306): mysqli->query()
#1 /home/2023DIFAL3/e22103110/public_html/V2/ci/system/Database/BaseConnection.php(693): CodeIgniter\Database\MySQLi\Connection->execute()
#2 /home/2023DIFAL3/e22103110/public_html/V2/ci/system/Database/BaseConnection.php(607): CodeIgniter\Database\BaseConnection->simpleQuery()
#3 /home/2023DIFAL3/e22103110/public_html/V2/ci/system/Database/BaseBuilder.php(1615): CodeIgniter\Database\BaseConnection->query()
#4 /home/2023DIFAL3/e22103110/public_html/V2/ci/system/Validation/StrictRules/Rules.php(208): CodeIgniter\Database\BaseBuilder->get()
#5 /home/2023DIFAL3/e22103110/public_html/V2/ci/system/Validation/Validation.php(311): CodeIgniter\Validation\StrictRules\Rules->is_unique()
#6 /home/2023DIFAL3/e22103110/public_html/V2/ci/system/Validation/Validation.php(197): CodeIgniter\Validation\Validation->processRules()
#7 /home/2023DIFAL3/e22103110/public_html/V2/ci/system/Controller.php(152): CodeIgniter\Validation\Validation->run()
#8 /home/2023DIFAL3/e22103110/public_html/V2/ci/app/Controllers/Scenario.php(357): CodeIgniter\Controller->validate()
#9 /home/2023DIFAL3/e22103110/public_html/V2/ci/system/CodeIgniter.php(942): App\Controllers\Scenario->scenario_reussite()
#10 /home/2023DIFAL3/e22103110/public_html/V2/ci/system/CodeIgniter.php(502): CodeIgniter\CodeIgniter->runController()
#11 /home/2023DIFAL3/e22103110/public_html/V2/ci/system/CodeIgniter.php(361): CodeIgniter\CodeIgniter->handleRequest()
#12 /home/2023DIFAL3/e22103110/public_html/V2/ci/public/index.php(79): CodeIgniter\CodeIgniter->run()
#13 {main}
CRITICAL - 2023-12-11 18:38:09 --> Unknown column 'email' in 'where clause'
in SYSTEMPATH/Database/BaseConnection.php on line 647.
 1 SYSTEMPATH/Database/BaseBuilder.php(1615): CodeIgniter\Database\BaseConnection->query()
 2 SYSTEMPATH/Validation/StrictRules/Rules.php(208): CodeIgniter\Database\BaseBuilder->get()
 3 SYSTEMPATH/Validation/Validation.php(311): CodeIgniter\Validation\StrictRules\Rules->is_unique()
 4 SYSTEMPATH/Validation/Validation.php(197): CodeIgniter\Validation\Validation->processRules()
 5 SYSTEMPATH/Controller.php(152): CodeIgniter\Validation\Validation->run()
 6 APPPATH/Controllers/Scenario.php(357): CodeIgniter\Controller->validate()
 7 SYSTEMPATH/CodeIgniter.php(942): App\Controllers\Scenario->scenario_reussite()
 8 SYSTEMPATH/CodeIgniter.php(502): CodeIgniter\CodeIgniter->runController()
 9 SYSTEMPATH/CodeIgniter.php(361): CodeIgniter\CodeIgniter->handleRequest()
10 FCPATH/index.php(79): CodeIgniter\CodeIgniter->run()
INFO - 2023-12-11 18:38:14 --> Session: Class initialized using 'CodeIgniter\Session\Handlers\FileHandler' driver.
INFO - 2023-12-11 18:38:17 --> Session: Class initialized using 'CodeIgniter\Session\Handlers\FileHandler' driver.
INFO - 2023-12-11 18:38:24 --> Session: Class initialized using 'CodeIgniter\Session\Handlers\FileHandler' driver.
ERROR - 2023-12-11 18:38:24 --> mysqli_sql_exception: Unknown column 'email' in 'where clause' in /home/2023DIFAL3/e22103110/public_html/V2/ci/system/Database/MySQLi/Connection.php:306
Stack trace:
#0 /home/2023DIFAL3/e22103110/public_html/V2/ci/system/Database/MySQLi/Connection.php(306): mysqli->query()
#1 /home/2023DIFAL3/e22103110/public_html/V2/ci/system/Database/BaseConnection.php(693): CodeIgniter\Database\MySQLi\Connection->execute()
#2 /home/2023DIFAL3/e22103110/public_html/V2/ci/system/Database/BaseConnection.php(607): CodeIgniter\Database\BaseConnection->simpleQuery()
#3 /home/2023DIFAL3/e22103110/public_html/V2/ci/system/Database/BaseBuilder.php(1615): CodeIgniter\Database\BaseConnection->query()
#4 /home/2023DIFAL3/e22103110/public_html/V2/ci/system/Validation/StrictRules/Rules.php(208): CodeIgniter\Database\BaseBuilder->get()
#5 /home/2023DIFAL3/e22103110/public_html/V2/ci/system/Validation/Validation.php(311): CodeIgniter\Validation\StrictRules\Rules->is_unique()
#6 /home/2023DIFAL3/e22103110/public_html/V2/ci/system/Validation/Validation.php(197): CodeIgniter\Validation\Validation->processRules()
#7 /home/2023DIFAL3/e22103110/public_html/V2/ci/system/Controller.php(152): CodeIgniter\Validation\Validation->run()
#8 /home/2023DIFAL3/e22103110/public_html/V2/ci/app/Controllers/Scenario.php(357): CodeIgniter\Controller->validate()
#9 /home/2023DIFAL3/e22103110/public_html/V2/ci/system/CodeIgniter.php(942): App\Controllers\Scenario->scenario_reussite()
#10 /home/2023DIFAL3/e22103110/public_html/V2/ci/system/CodeIgniter.php(502): CodeIgniter\CodeIgniter->runController()
#11 /home/2023DIFAL3/e22103110/public_html/V2/ci/system/CodeIgniter.php(361): CodeIgniter\CodeIgniter->handleRequest()
#12 /home/2023DIFAL3/e22103110/public_html/V2/ci/public/index.php(79): CodeIgniter\CodeIgniter->run()
#13 {main}
CRITICAL - 2023-12-11 18:38:24 --> Unknown column 'email' in 'where clause'
in SYSTEMPATH/Database/BaseConnection.php on line 647.
 1 SYSTEMPATH/Database/BaseBuilder.php(1615): CodeIgniter\Database\BaseConnection->query()
 2 SYSTEMPATH/Validation/StrictRules/Rules.php(208): CodeIgniter\Database\BaseBuilder->get()
 3 SYSTEMPATH/Validation/Validation.php(311): CodeIgniter\Validation\StrictRules\Rules->is_unique()
 4 SYSTEMPATH/Validation/Validation.php(197): CodeIgniter\Validation\Validation->processRules()
 5 SYSTEMPATH/Controller.php(152): CodeIgniter\Validation\Validation->run()
 6 APPPATH/Controllers/Scenario.php(357): CodeIgniter\Controller->validate()
 7 SYSTEMPATH/CodeIgniter.php(942): App\Controllers\Scenario->scenario_reussite()
 8 SYSTEMPATH/CodeIgniter.php(502): CodeIgniter\CodeIgniter->runController()
 9 SYSTEMPATH/CodeIgniter.php(361): CodeIgniter\CodeIgniter->handleRequest()
10 FCPATH/index.php(79): CodeIgniter\CodeIgniter->run()
INFO - 2023-12-11 18:38:58 --> Session: Class initialized using 'CodeIgniter\Session\Handlers\FileHandler' driver.
INFO - 2023-12-11 18:39:30 --> Session: Class initialized using 'CodeIgniter\Session\Handlers\FileHandler' driver.
INFO - 2023-12-11 18:42:27 --> Session: Class initialized using 'CodeIgniter\Session\Handlers\FileHandler' driver.
INFO - 2023-12-11 18:42:35 --> Session: Class initialized using 'CodeIgniter\Session\Handlers\FileHandler' driver.
INFO - 2023-12-11 18:42:41 --> Session: Class initialized using 'CodeIgniter\Session\Handlers\FileHandler' driver.
INFO - 2023-12-11 18:57:07 --> Session: Class initialized using 'CodeIgniter\Session\Handlers\FileHandler' driver.
INFO - 2023-12-11 19:02:27 --> Session: Class initialized using 'CodeIgniter\Session\Handlers\FileHandler' driver.
INFO - 2023-12-11 19:02:31 --> Session: Class initialized using 'CodeIgniter\Session\Handlers\FileHandler' driver.
INFO - 2023-12-11 19:02:35 --> Session: Class initialized using 'CodeIgniter\Session\Handlers\FileHandler' driver.
INFO - 2023-12-11 19:18:03 --> Session: Class initialized using 'CodeIgniter\Session\Handlers\FileHandler' driver.
INFO - 2023-12-11 19:18:18 --> Session: Class initialized using 'CodeIgniter\Session\Handlers\FileHandler' driver.
INFO - 2023-12-11 19:18:21 --> Session: Class initialized using 'CodeIgniter\Session\Handlers\FileHandler' driver.
INFO - 2023-12-11 19:18:24 --> Session: Class initialized using 'CodeIgniter\Session\Handlers\FileHandler' driver.
INFO - 2023-12-11 19:18:24 --> Session: Class initialized using 'CodeIgniter\Session\Handlers\FileHandler' driver.
INFO - 2023-12-11 19:18:28 --> Session: Class initialized using 'CodeIgniter\Session\Handlers\FileHandler' driver.
INFO - 2023-12-11 19:18:28 --> Session: Class initialized using 'CodeIgniter\Session\Handlers\FileHandler' driver.
INFO - 2023-12-11 19:18:41 --> Session: Class initialized using 'CodeIgniter\Session\Handlers\FileHandler' driver.
INFO - 2023-12-11 19:25:03 --> Session: Class initialized using 'CodeIgniter\Session\Handlers\FileHandler' driver.
INFO - 2023-12-11 19:25:14 --> Session: Class initialized using 'CodeIgniter\Session\Handlers\FileHandler' driver.
INFO - 2023-12-11 19:25:14 --> Session: Class initialized using 'CodeIgniter\Session\Handlers\FileHandler' driver.
INFO - 2023-12-11 19:25:15 --> Session: Class initialized using 'CodeIgniter\Session\Handlers\FileHandler' driver.
INFO - 2023-12-11 19:25:31 --> Session: Class initialized using 'CodeIgniter\Session\Handlers\FileHandler' driver.
INFO - 2023-12-11 19:25:34 --> Session: Class initialized using 'CodeIgniter\Session\Handlers\FileHandler' driver.
INFO - 2023-12-11 19:36:28 --> Session: Class initialized using 'CodeIgniter\Session\Handlers\FileHandler' driver.
INFO - 2023-12-11 19:36:30 --> Session: Class initialized using 'CodeIgniter\Session\Handlers\FileHandler' driver.
INFO - 2023-12-11 19:36:31 --> Session: Class initialized using 'CodeIgniter\Session\Handlers\FileHandler' driver.
INFO - 2023-12-11 19:36:35 --> Session: Class initialized using 'CodeIgniter\Session\Handlers\FileHandler' driver.
INFO - 2023-12-11 19:36:40 --> Session: Class initialized using 'CodeIgniter\Session\Handlers\FileHandler' driver.
INFO - 2023-12-11 19:41:18 --> Session: Class initialized using 'CodeIgniter\Session\Handlers\FileHandler' driver.
INFO - 2023-12-11 19:41:30 --> Session: Class initialized using 'CodeIgniter\Session\Handlers\FileHandler' driver.
CRITICAL - 2023-12-11 19:48:29 --> Cannot use isset() on the result of an expression (you can use "null !== expression" instead)
in APPPATH/Controllers/Scenario.php on line 42.
 1 [internal function]: CodeIgniter\Debug\Exceptions->shutdownHandler()
INFO - 2023-12-11 19:49:16 --> Session: Class initialized using 'CodeIgniter\Session\Handlers\FileHandler' driver.
CRITICAL - 2023-12-11 19:49:16 --> Illegal string offset 'code'
in APPPATH/Models/Db_model.php on line 224.
 1 APPPATH/Models/Db_model.php(224): CodeIgniter\Debug\Exceptions->errorHandler()
 2 APPPATH/Controllers/Scenario.php(42): App\Models\Db_model->get_scenario_details()
 3 SYSTEMPATH/CodeIgniter.php(942): App\Controllers\Scenario->afficher_etape_1()
 4 SYSTEMPATH/CodeIgniter.php(502): CodeIgniter\CodeIgniter->runController()
 5 SYSTEMPATH/CodeIgniter.php(361): CodeIgniter\CodeIgniter->handleRequest()
 6 FCPATH/index.php(79): CodeIgniter\CodeIgniter->run()
INFO - 2023-12-11 19:53:06 --> Session: Class initialized using 'CodeIgniter\Session\Handlers\FileHandler' driver.
INFO - 2023-12-11 19:53:10 --> Session: Class initialized using 'CodeIgniter\Session\Handlers\FileHandler' driver.
INFO - 2023-12-11 19:53:12 --> Session: Class initialized using 'CodeIgniter\Session\Handlers\FileHandler' driver.
INFO - 2023-12-11 19:56:43 --> Session: Class initialized using 'CodeIgniter\Session\Handlers\FileHandler' driver.
INFO - 2023-12-11 19:59:00 --> Session: Class initialized using 'CodeIgniter\Session\Handlers\FileHandler' driver.
INFO - 2023-12-11 19:59:40 --> Session: Class initialized using 'CodeIgniter\Session\Handlers\FileHandler' driver.
INFO - 2023-12-11 20:00:21 --> Session: Class initialized using 'CodeIgniter\Session\Handlers\FileHandler' driver.
INFO - 2023-12-11 20:05:20 --> Session: Class initialized using 'CodeIgniter\Session\Handlers\FileHandler' driver.
INFO - 2023-12-11 20:11:43 --> Session: Class initialized using 'CodeIgniter\Session\Handlers\FileHandler' driver.
INFO - 2023-12-11 20:11:49 --> Session: Class initialized using 'CodeIgniter\Session\Handlers\FileHandler' driver.
INFO - 2023-12-11 20:11:49 --> Session: Class initialized using 'CodeIgniter\Session\Handlers\FileHandler' driver.
INFO - 2023-12-11 20:11:52 --> Session: Class initialized using 'CodeIgniter\Session\Handlers\FileHandler' driver.
INFO - 2023-12-11 20:11:52 --> Session: Class initialized using 'CodeIgniter\Session\Handlers\FileHandler' driver.
INFO - 2023-12-11 20:11:57 --> Session: Class initialized using 'CodeIgniter\Session\Handlers\FileHandler' driver.
INFO - 2023-12-11 20:12:26 --> Session: Class initialized using 'CodeIgniter\Session\Handlers\FileHandler' driver.
INFO - 2023-12-11 20:12:27 --> Session: Class initialized using 'CodeIgniter\Session\Handlers\FileHandler' driver.
INFO - 2023-12-11 20:43:21 --> Session: Class initialized using 'CodeIgniter\Session\Handlers\FileHandler' driver.
INFO - 2023-12-11 20:45:06 --> Session: Class initialized using 'CodeIgniter\Session\Handlers\FileHandler' driver.
INFO - 2023-12-11 23:07:39 --> Session: Class initialized using 'CodeIgniter\Session\Handlers\FileHandler' driver.
INFO - 2023-12-11 23:10:50 --> Session: Class initialized using 'CodeIgniter\Session\Handlers\FileHandler' driver.
INFO - 2023-12-11 23:10:57 --> Session: Class initialized using 'CodeIgniter\Session\Handlers\FileHandler' driver.
INFO - 2023-12-11 23:18:22 --> Session: Class initialized using 'CodeIgniter\Session\Handlers\FileHandler' driver.
ERROR - 2023-12-11 23:18:22 --> mysqli_sql_exception: You have an error in your SQL syntax; check the manual that corresponds to your MariaDB server version for the right syntax to use near '2 AS niv FROM t_etape_eta
                    JOIN t_scenario_sce USING(sce_i...' at line 1 in /home/2023DIFAL3/e22103110/public_html/V2/ci/system/Database/MySQLi/Connection.php:306
Stack trace:
#0 /home/2023DIFAL3/e22103110/public_html/V2/ci/system/Database/MySQLi/Connection.php(306): mysqli->query()
#1 /home/2023DIFAL3/e22103110/public_html/V2/ci/system/Database/BaseConnection.php(693): CodeIgniter\Database\MySQLi\Connection->execute()
#2 /home/2023DIFAL3/e22103110/public_html/V2/ci/system/Database/BaseConnection.php(607): CodeIgniter\Database\BaseConnection->simpleQuery()
#3 /home/2023DIFAL3/e22103110/public_html/V2/ci/app/Models/Db_model.php(179): CodeIgniter\Database\BaseConnection->query()
#4 /home/2023DIFAL3/e22103110/public_html/V2/ci/app/Controllers/Scenario.php(41): App\Models\Db_model->get_etape_1()
#5 /home/2023DIFAL3/e22103110/public_html/V2/ci/system/CodeIgniter.php(942): App\Controllers\Scenario->afficher_etape_1()
#6 /home/2023DIFAL3/e22103110/public_html/V2/ci/system/CodeIgniter.php(502): CodeIgniter\CodeIgniter->runController()
#7 /home/2023DIFAL3/e22103110/public_html/V2/ci/system/CodeIgniter.php(361): CodeIgniter\CodeIgniter->handleRequest()
#8 /home/2023DIFAL3/e22103110/public_html/V2/ci/public/index.php(79): CodeIgniter\CodeIgniter->run()
#9 {main}
CRITICAL - 2023-12-11 23:18:22 --> You have an error in your SQL syntax; check the manual that corresponds to your MariaDB server version for the right syntax to use near '2 AS niv FROM t_etape_eta
                    JOIN t_scenario_sce USING(sce_i...' at line 1
in SYSTEMPATH/Database/BaseConnection.php on line 647.
 1 APPPATH/Models/Db_model.php(179): CodeIgniter\Database\BaseConnection->query()
 2 APPPATH/Controllers/Scenario.php(41): App\Models\Db_model->get_etape_1()
 3 SYSTEMPATH/CodeIgniter.php(942): App\Controllers\Scenario->afficher_etape_1()
 4 SYSTEMPATH/CodeIgniter.php(502): CodeIgniter\CodeIgniter->runController()
 5 SYSTEMPATH/CodeIgniter.php(361): CodeIgniter\CodeIgniter->handleRequest()
 6 FCPATH/index.php(79): CodeIgniter\CodeIgniter->run()
INFO - 2023-12-11 23:18:39 --> Session: Class initialized using 'CodeIgniter\Session\Handlers\FileHandler' driver.
INFO - 2023-12-11 23:18:45 --> Session: Class initialized using 'CodeIgniter\Session\Handlers\FileHandler' driver.
INFO - 2023-12-11 23:36:11 --> Session: Class initialized using 'CodeIgniter\Session\Handlers\FileHandler' driver.
